ERROR: LoadError: InvalidIRError: compiling kernel #bd_kernel(BD.EulerMaruyama{Float64, Float64, Float64}, BD.Particle{BD.Point{2, Float64}, BD.Brownian{Float64}, BD.Brownian{Float64}}, Irregular{2, Float64}, IrregularBC{Irregular{2, Float64}, BD.Point{2, Float64}}, BD.SimpleBCSolver, CuDeviceVector{SVector{2, Float64}, 1}, CuDeviceVector{Float64, 1}, CuDeviceVector{SVector{2, Int64}, 1}, CuDeviceVector{Float64, 1}, var"#U#4"{Float64}, typeof(Omega), Float64, Float64, Int64, typeof(BD.batch_no_op), NamedTuple{(:U, :V, :Omega, :xgrid, :ygrid, :Nx, :Ny, :vertices, :alpha, :tauR), Tuple{CuDeviceMatrix{Float64, 1}, CuDeviceMatrix{Float64, 1}, CuDeviceMatrix{Float64, 1}, CuDeviceVector{Float64, 1}, CuDeviceVector{Float64, 1}, Int64, Int64, CuDeviceVector{Float64, 1}, Float64, Float64}}) resulted in invalid LLVM IR
Reason: unsupported call through a literal pointer (call to )
Stacktrace:
 [1] _string_n
   @ ./strings/string.jl:74
 [2] StringVector
   @ ./iobuffer.jl:31
 [3] #IOBuffer#399
   @ ./iobuffer.jl:114
 [4] print_to_string
   @ ./strings/io.jl:142
Reason: unsupported call through a literal pointer (call to )
Stacktrace:
 [1] unsafe_wrap
   @ ./strings/string.jl:85
 [2] StringVector
   @ ./iobuffer.jl:31
 [3] #IOBuffer#399
   @ ./iobuffer.jl:114
 [4] print_to_string
   @ ./strings/io.jl:142
Reason: unsupported call through a literal pointer (call to __GI_memset)
Stacktrace:
 [1] fill!
   @ ./array.jl:426
 [2] #IOBuffer#399
   @ ./iobuffer.jl:121
 [3] print_to_string
   @ ./strings/io.jl:142
Reason: unsupported dynamic function invocation (call to print)
Stacktrace:
 [1] print_to_string
   @ ./strings/io.jl:144
Reason: unsupported call through a literal pointer (call to )
Stacktrace:
 [1] _growend!
   @ ./array.jl:948
 [2] resize!
   @ ./array.jl:1173
 [3] print_to_string
   @ ./strings/io.jl:146
Reason: unsupported call through a literal pointer (call to )
Stacktrace:
 [1] _deleteend!
   @ ./array.jl:957
 [2] resize!
   @ ./array.jl:1178
 [3] print_to_string
   @ ./strings/io.jl:146
Reason: unsupported call through a literal pointer (call to )
Stacktrace:
 [1] String
   @ ./strings/string.jl:53
 [2] print_to_string
   @ ./strings/io.jl:146
Reason: unsupported dynamic function invocation (call to var"#sprint#426"(context, sizehint::Integer, ::typeof(sprint), f::Function, args...) in Base at strings/io.jl:107)
Stacktrace:
 [1] #repr#429
   @ ./strings/io.jl:282
 [2] limitrepr
   @ ./strings/io.jl:284
 [3] to_index
   @ ./indices.jl:300
 [4] to_index
   @ ./indices.jl:277
 [5] multiple call sites
   @ unknown:0
Hint: catch this exception as `err` and call `code_typed(err; interactive = true)` to introspect the erronous code
Stacktrace:
  [1] check_ir(job::GPUCompiler.CompilerJob{GPUCompiler.PTXCompilerTarget, CUDA.CUDACompilerParams, GPUCompiler.FunctionSpec{typeof(BD.bd_kernel), Tuple{BD.EulerMaruyama{Float64, Float64, Float64}, BD.Particle{BD.Point{2, Float64}, BD.Brownian{Float64}, BD.Brownian{Float64}}, Irregular{2, Float64}, IrregularBC{Irregular{2, Float64}, BD.Point{2, Float64}}, BD.SimpleBCSolver, CuDeviceVector{SVector{2, Float64}, 1}, CuDeviceVector{Float64, 1}, CuDeviceVector{SVector{2, Int64}, 1}, CuDeviceVector{Float64, 1}, var"#U#4"{Float64}, typeof(Omega), Float64, Float64, Int64, typeof(BD.batch_no_op), NamedTuple{(:U, :V, :Omega, :xgrid, :ygrid, :Nx, :Ny, :vertices, :alpha, :tauR), Tuple{CuDeviceMatrix{Float64, 1}, CuDeviceMatrix{Float64, 1}, CuDeviceMatrix{Float64, 1}, CuDeviceVector{Float64, 1}, CuDeviceVector{Float64, 1}, Int64, Int64, CuDeviceVector{Float64, 1}, Float64, Float64}}}}}, args::LLVM.Module)
    @ GPUCompiler ~/.julia/packages/GPUCompiler/iaKrd/src/validation.jl:139
  [2] macro expansion
    @ ~/.julia/packages/GPUCompiler/iaKrd/src/driver.jl:414 [inlined]
  [3] macro expansion
    @ ~/.julia/packages/TimerOutputs/jgSVI/src/TimerOutput.jl:252 [inlined]
  [4] macro expansion
    @ ~/.julia/packages/GPUCompiler/iaKrd/src/driver.jl:412 [inlined]
  [5] emit_asm(job::GPUCompiler.CompilerJob, ir::LLVM.Module; strip::Bool, validate::Bool, format::LLVM.API.LLVMCodeGenFileType)
    @ GPUCompiler ~/.julia/packages/GPUCompiler/iaKrd/src/utils.jl:64
  [6] cufunction_compile(job::GPUCompiler.CompilerJob, ctx::LLVM.Context)
    @ CUDA ~/.julia/packages/CUDA/tTK8Y/src/compiler/execution.jl:354
  [7] #224
    @ ~/.julia/packages/CUDA/tTK8Y/src/compiler/execution.jl:347 [inlined]
  [8] JuliaContext(f::CUDA.var"#224#225"{GPUCompiler.CompilerJob{GPUCompiler.PTXCompilerTarget, CUDA.CUDACompilerParams, GPUCompiler.FunctionSpec{typeof(BD.bd_kernel), Tuple{BD.EulerMaruyama{Float64, Float64, Float64}, BD.Particle{BD.Point{2, Float64}, BD.Brownian{Float64}, BD.Brownian{Float64}}, Irregular{2, Float64}, IrregularBC{Irregular{2, Float64}, BD.Point{2, Float64}}, BD.SimpleBCSolver, CuDeviceVector{SVector{2, Float64}, 1}, CuDeviceVector{Float64, 1}, CuDeviceVector{SVector{2, Int64}, 1}, CuDeviceVector{Float64, 1}, var"#U#4"{Float64}, typeof(Omega), Float64, Float64, Int64, typeof(BD.batch_no_op), NamedTuple{(:U, :V, :Omega, :xgrid, :ygrid, :Nx, :Ny, :vertices, :alpha, :tauR), Tuple{CuDeviceMatrix{Float64, 1}, CuDeviceMatrix{Float64, 1}, CuDeviceMatrix{Float64, 1}, CuDeviceVector{Float64, 1}, CuDeviceVector{Float64, 1}, Int64, Int64, CuDeviceVector{Float64, 1}, Float64, Float64}}}}}})
    @ GPUCompiler ~/.julia/packages/GPUCompiler/iaKrd/src/driver.jl:74
  [9] cufunction_compile(job::GPUCompiler.CompilerJob)
    @ CUDA ~/.julia/packages/CUDA/tTK8Y/src/compiler/execution.jl:346
 [10] cached_compilation(cache::Dict{UInt64, Any}, job::GPUCompiler.CompilerJob, compiler::typeof(CUDA.cufunction_compile), linker::typeof(CUDA.cufunction_link))
    @ GPUCompiler ~/.julia/packages/GPUCompiler/iaKrd/src/cache.jl:90
 [11] cufunction(f::typeof(BD.bd_kernel), tt::Type{Tuple{BD.EulerMaruyama{Float64, Float64, Float64}, BD.Particle{BD.Point{2, Float64}, BD.Brownian{Float64}, BD.Brownian{Float64}}, Irregular{2, Float64}, IrregularBC{Irregular{2, Float64}, BD.Point{2, Float64}}, BD.SimpleBCSolver, CuDeviceVector{SVector{2, Float64}, 1}, CuDeviceVector{Float64, 1}, CuDeviceVector{SVector{2, Int64}, 1}, CuDeviceVector{Float64, 1}, var"#U#4"{Float64}, typeof(Omega), Float64, Float64, Int64, typeof(BD.batch_no_op), NamedTuple{(:U, :V, :Omega, :xgrid, :ygrid, :Nx, :Ny, :vertices, :alpha, :tauR), Tuple{CuDeviceMatrix{Float64, 1}, CuDeviceMatrix{Float64, 1}, CuDeviceMatrix{Float64, 1}, CuDeviceVector{Float64, 1}, CuDeviceVector{Float64, 1}, Int64, Int64, CuDeviceVector{Float64, 1}, Float64, Float64}}}}; name::Nothing, kwargs::Base.Pairs{Symbol, Union{}, Tuple{}, NamedTuple{(), Tuple{}}})
    @ CUDA ~/.julia/packages/CUDA/tTK8Y/src/compiler/execution.jl:299
 [12] cufunction(f::typeof(BD.bd_kernel), tt::Type{Tuple{BD.EulerMaruyama{Float64, Float64, Float64}, BD.Particle{BD.Point{2, Float64}, BD.Brownian{Float64}, BD.Brownian{Float64}}, Irregular{2, Float64}, IrregularBC{Irregular{2, Float64}, BD.Point{2, Float64}}, BD.SimpleBCSolver, CuDeviceVector{SVector{2, Float64}, 1}, CuDeviceVector{Float64, 1}, CuDeviceVector{SVector{2, Int64}, 1}, CuDeviceVector{Float64, 1}, var"#U#4"{Float64}, typeof(Omega), Float64, Float64, Int64, typeof(BD.batch_no_op), NamedTuple{(:U, :V, :Omega, :xgrid, :ygrid, :Nx, :Ny, :vertices, :alpha, :tauR), Tuple{CuDeviceMatrix{Float64, 1}, CuDeviceMatrix{Float64, 1}, CuDeviceMatrix{Float64, 1}, CuDeviceVector{Float64, 1}, CuDeviceVector{Float64, 1}, Int64, Int64, CuDeviceVector{Float64, 1}, Float64, Float64}}}})
    @ CUDA ~/.julia/packages/CUDA/tTK8Y/src/compiler/execution.jl:293
 [13] macro expansion
    @ ~/.julia/packages/CUDA/tTK8Y/src/compiler/execution.jl:102 [inlined]
 [14] _bdkernel(model::BD.IdealModel{BD.Particle{BD.Point{2, Float64}, BD.Brownian{Float64}, BD.Brownian{Float64}}, Irregular{2, Float64}, IrregularBC{Irregular{2, Float64}, BD.Point{2, Float64}}, var"#U#4"{Float64}, typeof(Omega), BD.SimpleBCSolver, Float64, NamedTuple{(:U, :V, :Omega, :xgrid, :ygrid, :Nx, :Ny, :vertices, :alpha, :tauR), Tuple{CuArray{Float64, 2, CUDA.Mem.DeviceBuffer}, CuArray{Float64, 2, CUDA.Mem.DeviceBuffer}, CuArray{Float64, 2, CUDA.Mem.DeviceBuffer}, CuArray{Float64, 1, CUDA.Mem.DeviceBuffer}, CuArray{Float64, 1, CUDA.Mem.DeviceBuffer}, Int64, Int64, CuArray{Float64, 1, CUDA.Mem.DeviceBuffer}, Float64, Float64}}}, data::BD.ParticleData{CuArray{SVector{2, Float64}, 1, CUDA.Mem.DeviceBuffer}, CuArray{Float64, 1, CUDA.Mem.DeviceBuffer}, CuArray{SVector{2, Int64}, 1, CUDA.Mem.DeviceBuffer}, CuArray{Float64, 1, CUDA.Mem.DeviceBuffer}}, integrator::BD.EulerMaruyama{Float64, Float64, Float64}, batch_size::Int64, op::Function)
    @ BD ~/data/storage/catheter/BD.jl/src/kernel.jl:91
 [15] BDKernel
    @ ~/data/storage/catheter/BD.jl/src/kernel.jl:128 [inlined]
 [16] BD.BDKernel(model::BD.IdealModel{BD.Particle{BD.Point{2, Float64}, BD.Brownian{Float64}, BD.Brownian{Float64}}, Irregular{2, Float64}, IrregularBC{Irregular{2, Float64}, BD.Point{2, Float64}}, var"#U#4"{Float64}, typeof(Omega), BD.SimpleBCSolver, Float64, NamedTuple{(:U, :V, :Omega, :xgrid, :ygrid, :Nx, :Ny, :vertices, :alpha, :tauR), Tuple{CuArray{Float64, 2, CUDA.Mem.DeviceBuffer}, CuArray{Float64, 2, CUDA.Mem.DeviceBuffer}, CuArray{Float64, 2, CUDA.Mem.DeviceBuffer}, CuArray{Float64, 1, CUDA.Mem.DeviceBuffer}, CuArray{Float64, 1, CUDA.Mem.DeviceBuffer}, Int64, Int64, CuArray{Float64, 1, CUDA.Mem.DeviceBuffer}, Float64, Float64}}}, data::BD.ParticleData{CuArray{SVector{2, Float64}, 1, CUDA.Mem.DeviceBuffer}, CuArray{Float64, 1, CUDA.Mem.DeviceBuffer}, CuArray{SVector{2, Int64}, 1, CUDA.Mem.DeviceBuffer}, CuArray{Float64, 1, CUDA.Mem.DeviceBuffer}}, integrator::BD.EulerMaruyama{Float64, Float64, Float64}, batch_size::Int64)
    @ BD ~/data/storage/catheter/BD.jl/src/kernel.jl:156
 [17] top-level scope
    @ /central/groups/daraio-group/EdmondZhou/storage/catheter/cathetersim/levy/polygon/test.jl:130
in expression starting at /central/groups/daraio-group/EdmondZhou/storage/catheter/cathetersim/levy/polygon/test.jl:130
read from 0815.txt(100000,)