read from 0925-1.txt(100000,)TPS: 62500, ETA: 7 seconds
TPS: 5618, ETA: 1 minute, 28 seconds
TPS: 6438, ETA: 1 minute, 17 seconds
TPS: 7143, ETA: 1 minute, 9 seconds
TPS: 8446, ETA: 58 seconds
TPS: 8403, ETA: 59 seconds
TPS: 8353, ETA: 59 seconds
TPS: 8299, ETA: 59 seconds
TPS: 8242, ETA: 1 minute
TPS: 8224, ETA: 1 minute
TPS: 8197, ETA: 1 minute
TPS: 8174, ETA: 1 minute
TPS: 8166, ETA: 1 minute
TPS: 8149, ETA: 1 minute
TPS: 8143, ETA: 1 minute
TPS: 8130, ETA: 1 minute
TPS: 8111, ETA: 1 minute
TPS: 8101, ETA: 1 minute
TPS: 8085, ETA: 1 minute
TPS: 7880, ETA: 1 minute, 2 seconds
TPS: 8065, ETA: 1 minute
TPS: 8047, ETA: 1 minute
TPS: 8031, ETA: 1 minute
TPS: 8016, ETA: 1 minute
TPS: 7997, ETA: 1 minute
TPS: 7975, ETA: 1 minute, 1 second
TPS: 7955, ETA: 1 minute, 1 second
TPS: 7937, ETA: 1 minute, 1 second
TPS: 7915, ETA: 1 minute, 1 second
TPS: 7895, ETA: 1 minute, 1 second
TPS: 7872, ETA: 1 minute, 1 second
TPS: 7851, ETA: 1 minute, 1 second
TPS: 7827, ETA: 1 minute, 1 second
TPS: 7805, ETA: 1 minute, 1 second
TPS: 7785, ETA: 1 minute, 1 second
TPS: 7637, ETA: 1 minute, 3 seconds
TPS: 7747, ETA: 1 minute, 2 seconds
TPS: 7730, ETA: 1 minute, 2 seconds
TPS: 7711, ETA: 1 minute, 2 seconds
TPS: 7695, ETA: 1 minute, 2 seconds
TPS: 7681, ETA: 1 minute, 2 seconds
TPS: 7664, ETA: 1 minute, 2 seconds
TPS: 7649, ETA: 1 minute, 2 seconds
TPS: 7631, ETA: 1 minute, 2 seconds
TPS: 7612, ETA: 1 minute, 2 seconds
TPS: 7593, ETA: 1 minute, 2 seconds
TPS: 7573, ETA: 1 minute, 2 seconds
TPS: 7552, ETA: 1 minute, 3 seconds
TPS: 7532, ETA: 1 minute, 3 seconds
TPS: 7510, ETA: 1 minute, 3 seconds
TPS: 7489, ETA: 1 minute, 3 seconds
TPS: 7469, ETA: 1 minute, 3 seconds
TPS: 7448, ETA: 1 minute, 3 seconds
TPS: 7430, ETA: 1 minute, 3 seconds
TPS: 7412, ETA: 1 minute, 3 seconds
TPS: 7394, ETA: 1 minute, 3 seconds
TPS: 7378, ETA: 1 minute, 3 seconds
TPS: 7360, ETA: 1 minute, 3 seconds
TPS: 7344, ETA: 1 minute, 4 seconds
TPS: 7330, ETA: 1 minute, 4 seconds
TPS: 7314, ETA: 1 minute, 4 seconds
TPS: 7299, ETA: 1 minute, 4 seconds
TPS: 7285, ETA: 1 minute, 4 seconds
TPS: 7273, ETA: 1 minute, 4 seconds
TPS: 7259, ETA: 1 minute, 4 seconds
TPS: 7246, ETA: 1 minute, 4 seconds
TPS: 7234, ETA: 1 minute, 4 seconds
TPS: 7222, ETA: 1 minute, 4 seconds
TPS: 7210, ETA: 1 minute, 4 seconds
TPS: 7199, ETA: 1 minute, 4 seconds
TPS: 7189, ETA: 1 minute, 4 seconds
TPS: 7178, ETA: 1 minute, 4 seconds
TPS: 7168, ETA: 1 minute, 4 seconds
TPS: 7158, ETA: 1 minute, 4 seconds
TPS: 7148, ETA: 1 minute, 4 seconds
TPS: 7140, ETA: 1 minute, 4 seconds
TPS: 7131, ETA: 1 minute, 4 seconds
TPS: 7122, ETA: 1 minute, 4 seconds
TPS: 7113, ETA: 1 minute, 4 seconds
TPS: 7106, ETA: 1 minute, 4 seconds
TPS: 7098, ETA: 1 minute, 4 seconds
TPS: 7090, ETA: 1 minute, 4 seconds
TPS: 7083, ETA: 1 minute, 4 seconds
TPS: 7075, ETA: 1 minute, 4 seconds
TPS: 7069, ETA: 1 minute, 4 seconds
TPS: 7062, ETA: 1 minute, 4 seconds
TPS: 7055, ETA: 1 minute, 4 seconds
TPS: 7049, ETA: 1 minute, 4 seconds
TPS: 7042, ETA: 1 minute, 4 seconds
TPS: 7037, ETA: 1 minute, 4 seconds
TPS: 7030, ETA: 1 minute, 4 seconds
TPS: 7024, ETA: 1 minute, 4 seconds
TPS: 7019, ETA: 1 minute, 4 seconds
TPS: 7013, ETA: 1 minute, 4 seconds
TPS: 7008, ETA: 1 minute, 4 seconds
TPS: 7002, ETA: 1 minute, 4 seconds
TPS: 6998, ETA: 1 minute, 4 seconds
TPS: 6993, ETA: 1 minute, 4 seconds
TPS: 6988, ETA: 1 minute, 4 seconds
TPS: 6983, ETA: 1 minute, 4 seconds
TPS: 6103, ETA: 1 minute, 13 seconds
TPS: 6156, ETA: 1 minute, 12 seconds
TPS: 6175, ETA: 1 minute, 12 seconds
TPS: 6178, ETA: 1 minute, 12 seconds
TPS: 6182, ETA: 1 minute, 12 seconds
TPS: 6184, ETA: 1 minute, 12 seconds
TPS: 6188, ETA: 1 minute, 12 seconds
TPS: 6191, ETA: 1 minute, 12 seconds
TPS: 6194, ETA: 1 minute, 11 seconds
TPS: 6197, ETA: 1 minute, 11 seconds
TPS: 6200, ETA: 1 minute, 11 seconds
TPS: 6203, ETA: 1 minute, 11 seconds
TPS: 6206, ETA: 1 minute, 11 seconds
TPS: 6209, ETA: 1 minute, 11 seconds
TPS: 6212, ETA: 1 minute, 11 seconds
TPS: 6092, ETA: 1 minute, 12 seconds
TPS: 6139, ETA: 1 minute, 11 seconds
TPS: 6184, ETA: 1 minute, 11 seconds
TPS: 6188, ETA: 1 minute, 11 seconds
TPS: 6190, ETA: 1 minute, 11 seconds
TPS: 6193, ETA: 1 minute, 10 seconds
TPS: 6196, ETA: 1 minute, 10 seconds
TPS: 6199, ETA: 1 minute, 10 seconds
TPS: 6202, ETA: 1 minute, 10 seconds
TPS: 6205, ETA: 1 minute, 10 seconds
TPS: 6207, ETA: 1 minute, 10 seconds
TPS: 6210, ETA: 1 minute, 10 seconds
TPS: 6212, ETA: 1 minute, 10 seconds
TPS: 6215, ETA: 1 minute, 10 seconds
TPS: 6218, ETA: 1 minute, 9 seconds
TPS: 6220, ETA: 1 minute, 9 seconds
TPS: 6223, ETA: 1 minute, 9 seconds
TPS: 6225, ETA: 1 minute, 9 seconds
TPS: 6228, ETA: 1 minute, 9 seconds
TPS: 6230, ETA: 1 minute, 9 seconds
TPS: 6233, ETA: 1 minute, 9 seconds
TPS: 6235, ETA: 1 minute, 9 seconds
TPS: 6238, ETA: 1 minute, 9 seconds
TPS: 6240, ETA: 1 minute, 8 seconds
TPS: 6242, ETA: 1 minute, 8 seconds
TPS: 6244, ETA: 1 minute, 8 seconds
TPS: 6247, ETA: 1 minute, 8 seconds
TPS: 6249, ETA: 1 minute, 8 seconds
TPS: 6251, ETA: 1 minute, 8 seconds
TPS: 6253, ETA: 1 minute, 8 seconds
TPS: 6255, ETA: 1 minute, 8 seconds
TPS: 6257, ETA: 1 minute, 8 seconds
TPS: 6260, ETA: 1 minute, 8 seconds
TPS: 6262, ETA: 1 minute, 7 seconds
TPS: 6264, ETA: 1 minute, 7 seconds
TPS: 6266, ETA: 1 minute, 7 seconds
TPS: 6268, ETA: 1 minute, 7 seconds
TPS: 6270, ETA: 1 minute, 7 seconds
TPS: 6272, ETA: 1 minute, 7 seconds
TPS: 6274, ETA: 1 minute, 7 seconds
TPS: 6276, ETA: 1 minute, 7 seconds
TPS: 6278, ETA: 1 minute, 7 seconds
TPS: 6280, ETA: 1 minute, 7 seconds
TPS: 6282, ETA: 1 minute, 6 seconds
TPS: 6283, ETA: 1 minute, 6 seconds
TPS: 6285, ETA: 1 minute, 6 seconds
TPS: 6285, ETA: 1 minute, 6 seconds
TPS: 6289, ETA: 1 minute, 6 seconds
TPS: 6291, ETA: 1 minute, 6 seconds
TPS: 6292, ETA: 1 minute, 6 seconds
TPS: 6295, ETA: 1 minute, 6 seconds
TPS: 6296, ETA: 1 minute, 6 seconds
TPS: 6298, ETA: 1 minute, 6 seconds
TPS: 6300, ETA: 1 minute, 5 seconds
TPS: 6301, ETA: 1 minute, 5 seconds
TPS: 6303, ETA: 1 minute, 5 seconds
TPS: 6305, ETA: 1 minute, 5 seconds
TPS: 6307, ETA: 1 minute, 5 seconds
TPS: 6308, ETA: 1 minute, 5 seconds
TPS: 6310, ETA: 1 minute, 5 seconds
TPS: 6311, ETA: 1 minute, 5 seconds
TPS: 6313, ETA: 1 minute, 5 seconds
TPS: 6312, ETA: 1 minute, 5 seconds
TPS: 6316, ETA: 1 minute, 4 seconds
TPS: 6318, ETA: 1 minute, 4 seconds
TPS: 6319, ETA: 1 minute, 4 seconds
TPS: 6321, ETA: 1 minute, 4 seconds
TPS: 6323, ETA: 1 minute, 4 seconds
TPS: 6324, ETA: 1 minute, 4 seconds
TPS: 6325, ETA: 1 minute, 4 seconds
TPS: 6327, ETA: 1 minute, 4 seconds
TPS: 6328, ETA: 1 minute, 4 seconds
TPS: 6330, ETA: 1 minute, 4 seconds
TPS: 6331, ETA: 1 minute, 4 seconds
TPS: 6333, ETA: 1 minute, 3 seconds
TPS: 6334, ETA: 1 minute, 3 seconds
TPS: 6336, ETA: 1 minute, 3 seconds
TPS: 6337, ETA: 1 minute, 3 seconds
TPS: 6328, ETA: 1 minute, 3 seconds
TPS: 6340, ETA: 1 minute, 3 seconds
TPS: 6341, ETA: 1 minute, 3 seconds
TPS: 6343, ETA: 1 minute, 3 seconds
TPS: 6344, ETA: 1 minute, 3 seconds
TPS: 6346, ETA: 1 minute, 3 seconds
TPS: 6347, ETA: 1 minute, 3 seconds
TPS: 6282, ETA: 1 minute, 3 seconds
TPS: 6309, ETA: 1 minute, 3 seconds
TPS: 6320, ETA: 1 minute, 3 seconds
TPS: 6322, ETA: 1 minute, 2 seconds
TPS: 6323, ETA: 1 minute, 2 seconds
TPS: 6324, ETA: 1 minute, 2 seconds
TPS: 6326, ETA: 1 minute, 2 seconds
TPS: 6327, ETA: 1 minute, 2 seconds
TPS: 6329, ETA: 1 minute, 2 seconds
TPS: 6330, ETA: 1 minute, 2 seconds
TPS: 6331, ETA: 1 minute, 2 seconds
TPS: 6333, ETA: 1 minute, 2 seconds
TPS: 6334, ETA: 1 minute, 2 seconds
TPS: 6335, ETA: 1 minute, 2 seconds
TPS: 6337, ETA: 1 minute, 1 second
TPS: 6338, ETA: 1 minute, 1 second
TPS: 6339, ETA: 1 minute, 1 second
TPS: 6341, ETA: 1 minute, 1 second
TPS: 6342, ETA: 1 minute, 1 second
TPS: 6343, ETA: 1 minute, 1 second
TPS: 6344, ETA: 1 minute, 1 second
TPS: 6346, ETA: 1 minute, 1 second
TPS: 6347, ETA: 1 minute, 1 second
TPS: 6348, ETA: 1 minute, 1 second
TPS: 6349, ETA: 1 minute, 1 second
TPS: 6351, ETA: 1 minute
TPS: 6352, ETA: 1 minute
TPS: 6353, ETA: 1 minute
TPS: 6354, ETA: 1 minute
TPS: 6355, ETA: 1 minute
TPS: 6357, ETA: 1 minute
TPS: 6358, ETA: 1 minute
TPS: 6359, ETA: 1 minute
TPS: 6360, ETA: 1 minute
TPS: 6361, ETA: 1 minute
TPS: 6362, ETA: 1 minute
TPS: 6363, ETA: 59 seconds
TPS: 6365, ETA: 59 seconds
TPS: 6366, ETA: 59 seconds
TPS: 6367, ETA: 59 seconds
TPS: 6368, ETA: 59 seconds
TPS: 6369, ETA: 59 seconds
TPS: 6370, ETA: 59 seconds
TPS: 6371, ETA: 59 seconds
TPS: 6372, ETA: 59 seconds
TPS: 6373, ETA: 59 seconds
TPS: 6374, ETA: 59 seconds
TPS: 6375, ETA: 58 seconds
TPS: 6376, ETA: 58 seconds
TPS: 6378, ETA: 58 seconds
TPS: 6378, ETA: 58 seconds
TPS: 6379, ETA: 58 seconds
TPS: 6381, ETA: 58 seconds
TPS: 6381, ETA: 58 seconds
TPS: 6382, ETA: 58 seconds
TPS: 6383, ETA: 58 seconds
TPS: 6384, ETA: 58 seconds
TPS: 6386, ETA: 58 seconds
TPS: 6386, ETA: 58 seconds
TPS: 6387, ETA: 57 seconds
TPS: 6388, ETA: 57 seconds
TPS: 6389, ETA: 57 seconds
TPS: 6390, ETA: 57 seconds
TPS: 6391, ETA: 57 seconds
TPS: 6392, ETA: 57 seconds
TPS: 6393, ETA: 57 seconds
TPS: 6394, ETA: 57 seconds
TPS: 6395, ETA: 57 seconds
TPS: 6396, ETA: 57 seconds
TPS: 6397, ETA: 57 seconds
TPS: 6398, ETA: 56 seconds
TPS: 6398, ETA: 56 seconds
TPS: 6399, ETA: 56 seconds
TPS: 6400, ETA: 56 seconds
TPS: 6401, ETA: 56 seconds
TPS: 6402, ETA: 56 seconds
TPS: 6403, ETA: 56 seconds
TPS: 6403, ETA: 56 seconds
TPS: 6404, ETA: 56 seconds
TPS: 6405, ETA: 56 seconds
TPS: 6406, ETA: 56 seconds
TPS: 6407, ETA: 56 seconds
TPS: 6408, ETA: 55 seconds
TPS: 6409, ETA: 55 seconds
TPS: 6409, ETA: 55 seconds
TPS: 6410, ETA: 55 seconds
TPS: 6411, ETA: 55 seconds
TPS: 6412, ETA: 55 seconds
TPS: 6413, ETA: 55 seconds
TPS: 6414, ETA: 55 seconds
TPS: 6414, ETA: 55 seconds
TPS: 6415, ETA: 55 seconds
TPS: 6416, ETA: 55 seconds
TPS: 6417, ETA: 55 seconds
TPS: 6418, ETA: 54 seconds
TPS: 6418, ETA: 54 seconds
TPS: 6419, ETA: 54 seconds
TPS: 6420, ETA: 54 seconds
TPS: 6421, ETA: 54 seconds
TPS: 6422, ETA: 54 seconds
TPS: 6395, ETA: 54 seconds
TPS: 6412, ETA: 54 seconds
TPS: 6422, ETA: 54 seconds
TPS: 6423, ETA: 54 seconds
TPS: 6422, ETA: 54 seconds
TPS: 6425, ETA: 54 seconds
TPS: 6425, ETA: 53 seconds
TPS: 6426, ETA: 53 seconds
TPS: 6427, ETA: 53 seconds
TPS: 6428, ETA: 53 seconds
TPS: 6428, ETA: 53 seconds
TPS: 6429, ETA: 53 seconds
TPS: 6430, ETA: 53 seconds
TPS: 6430, ETA: 53 seconds
TPS: 6431, ETA: 53 seconds
TPS: 6432, ETA: 53 seconds
TPS: 6433, ETA: 53 seconds
TPS: 6433, ETA: 53 seconds
TPS: 6434, ETA: 52 seconds
TPS: 6435, ETA: 52 seconds
TPS: 6432, ETA: 52 seconds
TPS: 6436, ETA: 52 seconds
TPS: 6437, ETA: 52 seconds
TPS: 6438, ETA: 52 seconds
TPS: 6438, ETA: 52 seconds
TPS: 6439, ETA: 52 seconds
TPS: 6440, ETA: 52 seconds
TPS: 6440, ETA: 52 seconds
TPS: 6441, ETA: 52 seconds
TPS: 6441, ETA: 52 seconds
TPS: 6442, ETA: 51 seconds
TPS: 6443, ETA: 51 seconds
TPS: 6443, ETA: 51 seconds
TPS: 6444, ETA: 51 seconds
TPS: 6445, ETA: 51 seconds
TPS: 6445, ETA: 51 seconds
TPS: 6441, ETA: 51 seconds
TPS: 6446, ETA: 51 seconds
TPS: 6447, ETA: 51 seconds
TPS: 6448, ETA: 51 seconds
TPS: 6448, ETA: 51 seconds
TPS: 6449, ETA: 51 seconds
TPS: 6450, ETA: 50 seconds
TPS: 6450, ETA: 50 seconds
TPS: 6451, ETA: 50 seconds
TPS: 6451, ETA: 50 seconds
TPS: 6452, ETA: 50 seconds
TPS: 6453, ETA: 50 seconds
TPS: 6453, ETA: 50 seconds
TPS: 6454, ETA: 50 seconds
TPS: 6454, ETA: 50 seconds
TPS: 6455, ETA: 50 seconds
TPS: 6456, ETA: 50 seconds
TPS: 6456, ETA: 50 seconds
TPS: 6457, ETA: 49 seconds
TPS: 6457, ETA: 49 seconds
TPS: 6458, ETA: 49 seconds
TPS: 6458, ETA: 49 seconds
TPS: 6459, ETA: 49 seconds
TPS: 6459, ETA: 49 seconds
TPS: 6460, ETA: 49 seconds
TPS: 6461, ETA: 49 seconds
TPS: 6461, ETA: 49 seconds
TPS: 6462, ETA: 49 seconds
TPS: 6462, ETA: 49 seconds
TPS: 6463, ETA: 49 seconds
TPS: 6464, ETA: 48 seconds
TPS: 6464, ETA: 48 seconds
TPS: 6465, ETA: 48 seconds
TPS: 6465, ETA: 48 seconds
TPS: 6466, ETA: 48 seconds
TPS: 6466, ETA: 48 seconds
TPS: 6467, ETA: 48 seconds
TPS: 6467, ETA: 48 seconds
TPS: 6468, ETA: 48 seconds
TPS: 6468, ETA: 48 seconds
TPS: 6469, ETA: 48 seconds
TPS: 6469, ETA: 48 seconds
TPS: 6470, ETA: 47 seconds
TPS: 6471, ETA: 47 seconds
TPS: 6471, ETA: 47 seconds
TPS: 6472, ETA: 47 seconds
TPS: 6472, ETA: 47 seconds
TPS: 6472, ETA: 47 seconds
TPS: 6473, ETA: 47 seconds
TPS: 6473, ETA: 47 seconds
TPS: 6474, ETA: 47 seconds
TPS: 6474, ETA: 47 seconds
TPS: 6475, ETA: 47 seconds
TPS: 6476, ETA: 47 seconds
TPS: 6476, ETA: 47 seconds
TPS: 6477, ETA: 46 seconds
TPS: 6477, ETA: 46 seconds
TPS: 6477, ETA: 46 seconds
TPS: 6478, ETA: 46 seconds
TPS: 6478, ETA: 46 seconds
TPS: 6479, ETA: 46 seconds
TPS: 6479, ETA: 46 seconds
TPS: 6480, ETA: 46 seconds
TPS: 6480, ETA: 46 seconds
TPS: 6460, ETA: 46 seconds
TPS: 6467, ETA: 46 seconds
TPS: 6480, ETA: 46 seconds
TPS: 6481, ETA: 45 seconds
TPS: 6482, ETA: 45 seconds
TPS: 6482, ETA: 45 seconds
TPS: 6483, ETA: 45 seconds
TPS: 6483, ETA: 45 seconds
TPS: 6484, ETA: 45 seconds
TPS: 6484, ETA: 45 seconds
TPS: 6484, ETA: 45 seconds
TPS: 6485, ETA: 45 seconds
TPS: 6485, ETA: 45 seconds
TPS: 6486, ETA: 45 seconds
TPS: 6486, ETA: 45 seconds
TPS: 6487, ETA: 45 seconds
TPS: 6487, ETA: 44 seconds
TPS: 6487, ETA: 44 seconds
TPS: 6488, ETA: 44 seconds
TPS: 6488, ETA: 44 seconds
TPS: 6489, ETA: 44 seconds
TPS: 6489, ETA: 44 seconds
TPS: 6490, ETA: 44 seconds
TPS: 6490, ETA: 44 seconds
TPS: 6491, ETA: 44 seconds
TPS: 6491, ETA: 44 seconds
TPS: 6491, ETA: 44 seconds
TPS: 6492, ETA: 44 seconds
TPS: 6492, ETA: 43 seconds
TPS: 6493, ETA: 43 seconds
TPS: 6493, ETA: 43 seconds
TPS: 6493, ETA: 43 seconds
TPS: 6494, ETA: 43 seconds
TPS: 6494, ETA: 43 seconds
TPS: 6495, ETA: 43 seconds
TPS: 6495, ETA: 43 seconds
TPS: 6495, ETA: 43 seconds
TPS: 6496, ETA: 43 seconds
TPS: 6496, ETA: 43 seconds
TPS: 6497, ETA: 43 seconds
TPS: 6497, ETA: 43 seconds
TPS: 6498, ETA: 42 seconds
TPS: 6498, ETA: 42 seconds
TPS: 6498, ETA: 42 seconds
TPS: 6499, ETA: 42 seconds
TPS: 6499, ETA: 42 seconds
TPS: 6499, ETA: 42 seconds
TPS: 6500, ETA: 42 seconds
TPS: 6500, ETA: 42 seconds
TPS: 6501, ETA: 42 seconds
TPS: 6501, ETA: 42 seconds
TPS: 6501, ETA: 42 seconds
TPS: 6502, ETA: 42 seconds
TPS: 6502, ETA: 41 seconds
TPS: 6502, ETA: 41 seconds
TPS: 6503, ETA: 41 seconds
TPS: 6503, ETA: 41 seconds
TPS: 6504, ETA: 41 seconds
TPS: 6504, ETA: 41 seconds
TPS: 6505, ETA: 41 seconds
TPS: 6505, ETA: 41 seconds
TPS: 6505, ETA: 41 seconds
TPS: 6506, ETA: 41 seconds
TPS: 6506, ETA: 41 seconds
TPS: 6506, ETA: 41 seconds
TPS: 6507, ETA: 41 seconds
TPS: 6507, ETA: 40 seconds
TPS: 6507, ETA: 40 seconds
TPS: 6508, ETA: 40 seconds
TPS: 6508, ETA: 40 seconds
TPS: 6509, ETA: 40 seconds
TPS: 6509, ETA: 40 seconds
TPS: 6509, ETA: 40 seconds
TPS: 6510, ETA: 40 seconds
TPS: 6510, ETA: 40 seconds
TPS: 6510, ETA: 40 seconds
TPS: 6511, ETA: 40 seconds
TPS: 6511, ETA: 40 seconds
TPS: 6511, ETA: 40 seconds
TPS: 6512, ETA: 39 seconds
TPS: 6512, ETA: 39 seconds
TPS: 6511, ETA: 39 seconds
TPS: 6513, ETA: 39 seconds
TPS: 6513, ETA: 39 seconds
TPS: 6513, ETA: 39 seconds
TPS: 6514, ETA: 39 seconds
TPS: 6514, ETA: 39 seconds
TPS: 6514, ETA: 39 seconds
TPS: 6515, ETA: 39 seconds
TPS: 6515, ETA: 39 seconds
TPS: 6515, ETA: 39 seconds
TPS: 6516, ETA: 38 seconds
TPS: 6516, ETA: 38 seconds
TPS: 6516, ETA: 38 seconds
TPS: 6517, ETA: 38 seconds
TPS: 6517, ETA: 38 seconds
TPS: 6518, ETA: 38 seconds
TPS: 6516, ETA: 38 seconds
TPS: 6518, ETA: 38 seconds
TPS: 6518, ETA: 38 seconds
TPS: 6502, ETA: 38 seconds
TPS: 6513, ETA: 38 seconds
TPS: 6519, ETA: 38 seconds
TPS: 6519, ETA: 38 seconds
TPS: 6519, ETA: 37 seconds
TPS: 6520, ETA: 37 seconds
TPS: 6520, ETA: 37 seconds
TPS: 6521, ETA: 37 seconds
TPS: 6521, ETA: 37 seconds
TPS: 6521, ETA: 37 seconds
TPS: 6521, ETA: 37 seconds
TPS: 6522, ETA: 37 seconds
TPS: 6522, ETA: 37 seconds
TPS: 6520, ETA: 37 seconds
TPS: 6523, ETA: 37 seconds
TPS: 6523, ETA: 37 seconds
TPS: 6523, ETA: 37 seconds
TPS: 6524, ETA: 36 seconds
TPS: 6524, ETA: 36 seconds
TPS: 6524, ETA: 36 seconds
TPS: 6525, ETA: 36 seconds
TPS: 6525, ETA: 36 seconds
TPS: 6525, ETA: 36 seconds
TPS: 6525, ETA: 36 seconds
TPS: 6526, ETA: 36 seconds
TPS: 6526, ETA: 36 seconds
TPS: 6526, ETA: 36 seconds
TPS: 6527, ETA: 36 seconds
TPS: 6527, ETA: 36 seconds
TPS: 6527, ETA: 36 seconds
TPS: 6528, ETA: 35 seconds
TPS: 6528, ETA: 35 seconds
TPS: 6528, ETA: 35 seconds
TPS: 6528, ETA: 35 seconds
TPS: 6529, ETA: 35 seconds
TPS: 6529, ETA: 35 seconds
TPS: 6529, ETA: 35 seconds
TPS: 6530, ETA: 35 seconds
TPS: 6530, ETA: 35 seconds
TPS: 6530, ETA: 35 seconds
TPS: 6530, ETA: 35 seconds
TPS: 6531, ETA: 35 seconds
TPS: 6531, ETA: 34 seconds
TPS: 6531, ETA: 34 seconds
TPS: 6531, ETA: 34 seconds
TPS: 6532, ETA: 34 seconds
TPS: 6532, ETA: 34 seconds
TPS: 6532, ETA: 34 seconds
TPS: 6533, ETA: 34 seconds
TPS: 6533, ETA: 34 seconds
TPS: 6533, ETA: 34 seconds
TPS: 6533, ETA: 34 seconds
TPS: 6534, ETA: 34 seconds
TPS: 6534, ETA: 34 seconds
TPS: 6534, ETA: 34 seconds
TPS: 6534, ETA: 33 seconds
TPS: 6535, ETA: 33 seconds
TPS: 6535, ETA: 33 seconds
TPS: 6535, ETA: 33 seconds
TPS: 6535, ETA: 33 seconds
TPS: 6536, ETA: 33 seconds
TPS: 6536, ETA: 33 seconds
TPS: 6536, ETA: 33 seconds
TPS: 6537, ETA: 33 seconds
TPS: 6537, ETA: 33 seconds
TPS: 6537, ETA: 33 seconds
TPS: 6537, ETA: 33 seconds
TPS: 6538, ETA: 33 seconds
TPS: 6538, ETA: 32 seconds
TPS: 6538, ETA: 32 seconds
TPS: 6538, ETA: 32 seconds
TPS: 6538, ETA: 32 seconds
TPS: 6539, ETA: 32 seconds
TPS: 6539, ETA: 32 seconds
TPS: 6539, ETA: 32 seconds
TPS: 6540, ETA: 32 seconds
TPS: 6540, ETA: 32 seconds
TPS: 6540, ETA: 32 seconds
TPS: 6540, ETA: 32 seconds
TPS: 6541, ETA: 32 seconds
TPS: 6541, ETA: 32 seconds
TPS: 6541, ETA: 31 seconds
TPS: 6541, ETA: 31 seconds
TPS: 6542, ETA: 31 seconds
TPS: 6542, ETA: 31 seconds
TPS: 6542, ETA: 31 seconds
TPS: 6542, ETA: 31 seconds
TPS: 6542, ETA: 31 seconds
TPS: 6543, ETA: 31 seconds
TPS: 6543, ETA: 31 seconds
TPS: 6543, ETA: 31 seconds
TPS: 6543, ETA: 31 seconds
TPS: 6544, ETA: 31 seconds
TPS: 6544, ETA: 31 seconds
TPS: 6544, ETA: 30 seconds
TPS: 6544, ETA: 30 seconds
TPS: 6545, ETA: 30 seconds
TPS: 6545, ETA: 30 seconds
TPS: 6545, ETA: 30 seconds
TPS: 6545, ETA: 30 seconds
TPS: 6530, ETA: 30 seconds
TPS: 6539, ETA: 30 seconds
TPS: 6544, ETA: 30 seconds
TPS: 6544, ETA: 30 seconds
TPS: 6545, ETA: 30 seconds
TPS: 6545, ETA: 30 seconds
TPS: 6545, ETA: 30 seconds
TPS: 6545, ETA: 29 seconds
TPS: 6546, ETA: 29 seconds
TPS: 6546, ETA: 29 seconds
TPS: 6546, ETA: 29 seconds
TPS: 6546, ETA: 29 seconds
TPS: 6546, ETA: 29 seconds
TPS: 6547, ETA: 29 seconds
TPS: 6547, ETA: 29 seconds
TPS: 6547, ETA: 29 seconds
TPS: 6547, ETA: 29 seconds
TPS: 6548, ETA: 29 seconds
TPS: 6548, ETA: 29 seconds
TPS: 6548, ETA: 29 seconds
TPS: 6548, ETA: 28 seconds
TPS: 6548, ETA: 28 seconds
TPS: 6549, ETA: 28 seconds
TPS: 6549, ETA: 28 seconds
TPS: 6549, ETA: 28 seconds
TPS: 6549, ETA: 28 seconds
TPS: 6550, ETA: 28 seconds
TPS: 6550, ETA: 28 seconds
TPS: 6550, ETA: 28 seconds
TPS: 6550, ETA: 28 seconds
TPS: 6550, ETA: 28 seconds
TPS: 6551, ETA: 28 seconds
TPS: 6551, ETA: 28 seconds
TPS: 6551, ETA: 27 seconds
TPS: 6551, ETA: 27 seconds
TPS: 6551, ETA: 27 seconds
TPS: 6552, ETA: 27 seconds
TPS: 6552, ETA: 27 seconds
TPS: 6552, ETA: 27 seconds
TPS: 6552, ETA: 27 seconds
TPS: 6552, ETA: 27 seconds
TPS: 6553, ETA: 27 seconds
TPS: 6553, ETA: 27 seconds
TPS: 6553, ETA: 27 seconds
TPS: 6553, ETA: 27 seconds
TPS: 6554, ETA: 27 seconds
TPS: 6554, ETA: 26 seconds
TPS: 6554, ETA: 26 seconds
TPS: 6554, ETA: 26 seconds
TPS: 6554, ETA: 26 seconds
TPS: 6555, ETA: 26 seconds
TPS: 6555, ETA: 26 seconds
TPS: 6555, ETA: 26 seconds
TPS: 6555, ETA: 26 seconds
TPS: 6555, ETA: 26 seconds
TPS: 6556, ETA: 26 seconds
TPS: 6556, ETA: 26 seconds
TPS: 6556, ETA: 26 seconds
TPS: 6553, ETA: 26 seconds
TPS: 6556, ETA: 25 seconds
TPS: 6556, ETA: 25 seconds
TPS: 6557, ETA: 25 seconds
TPS: 6557, ETA: 25 seconds
TPS: 6557, ETA: 25 seconds
TPS: 6557, ETA: 25 seconds
TPS: 6558, ETA: 25 seconds
TPS: 6558, ETA: 25 seconds
TPS: 6558, ETA: 25 seconds
TPS: 6558, ETA: 25 seconds
TPS: 6558, ETA: 25 seconds
TPS: 6558, ETA: 25 seconds
TPS: 6559, ETA: 25 seconds
TPS: 6559, ETA: 24 seconds
TPS: 6559, ETA: 24 seconds
TPS: 6558, ETA: 24 seconds
TPS: 6559, ETA: 24 seconds
TPS: 6560, ETA: 24 seconds
TPS: 6560, ETA: 24 seconds
TPS: 6560, ETA: 24 seconds
TPS: 6560, ETA: 24 seconds
TPS: 6560, ETA: 24 seconds
TPS: 6561, ETA: 24 seconds
TPS: 6561, ETA: 24 seconds
TPS: 6561, ETA: 24 seconds
TPS: 6561, ETA: 24 seconds
TPS: 6561, ETA: 23 seconds
TPS: 6562, ETA: 23 seconds
TPS: 6562, ETA: 23 seconds
TPS: 6562, ETA: 23 seconds
TPS: 6562, ETA: 23 seconds
TPS: 6560, ETA: 23 seconds
TPS: 6562, ETA: 23 seconds
TPS: 6563, ETA: 23 seconds
TPS: 6563, ETA: 23 seconds
TPS: 6563, ETA: 23 seconds
TPS: 6563, ETA: 23 seconds
TPS: 6563, ETA: 23 seconds
TPS: 6564, ETA: 23 seconds
TPS: 6564, ETA: 22 seconds
TPS: 6564, ETA: 22 seconds
TPS: 6552, ETA: 22 seconds
TPS: 6560, ETA: 22 seconds
TPS: 6564, ETA: 22 seconds
TPS: 6564, ETA: 22 seconds
TPS: 6564, ETA: 22 seconds
TPS: 6565, ETA: 22 seconds
TPS: 6565, ETA: 22 seconds
TPS: 6565, ETA: 22 seconds
TPS: 6565, ETA: 22 seconds
TPS: 6565, ETA: 22 seconds
TPS: 6565, ETA: 22 seconds
TPS: 6566, ETA: 21 seconds
TPS: 6566, ETA: 21 seconds
TPS: 6566, ETA: 21 seconds
TPS: 6566, ETA: 21 seconds
TPS: 6566, ETA: 21 seconds
TPS: 6567, ETA: 21 seconds
TPS: 6567, ETA: 21 seconds
TPS: 6567, ETA: 21 seconds
TPS: 6567, ETA: 21 seconds
TPS: 6567, ETA: 21 seconds
TPS: 6568, ETA: 21 seconds
TPS: 6568, ETA: 21 seconds
TPS: 6568, ETA: 21 seconds
TPS: 6568, ETA: 20 seconds
TPS: 6568, ETA: 20 seconds
TPS: 6568, ETA: 20 seconds
TPS: 6569, ETA: 20 seconds
TPS: 6569, ETA: 20 seconds
TPS: 6569, ETA: 20 seconds
TPS: 6569, ETA: 20 seconds
TPS: 6570, ETA: 20 seconds
TPS: 6570, ETA: 20 seconds
TPS: 6570, ETA: 20 seconds
TPS: 6570, ETA: 20 seconds
TPS: 6570, ETA: 20 seconds
TPS: 6570, ETA: 20 seconds
TPS: 6571, ETA: 19 seconds
TPS: 6571, ETA: 19 seconds
TPS: 6571, ETA: 19 seconds
TPS: 6571, ETA: 19 seconds
TPS: 6571, ETA: 19 seconds
TPS: 6571, ETA: 19 seconds
TPS: 6572, ETA: 19 seconds
TPS: 6572, ETA: 19 seconds
TPS: 6572, ETA: 19 seconds
TPS: 6572, ETA: 19 seconds
TPS: 6572, ETA: 19 seconds
TPS: 6572, ETA: 19 seconds
TPS: 6573, ETA: 19 seconds
TPS: 6573, ETA: 18 seconds
TPS: 6573, ETA: 18 seconds
TPS: 6573, ETA: 18 seconds
TPS: 6573, ETA: 18 seconds
TPS: 6573, ETA: 18 seconds
TPS: 6574, ETA: 18 seconds
TPS: 6574, ETA: 18 seconds
TPS: 6574, ETA: 18 seconds
TPS: 6574, ETA: 18 seconds
TPS: 6574, ETA: 18 seconds
TPS: 6575, ETA: 18 seconds
TPS: 6575, ETA: 18 seconds
TPS: 6575, ETA: 18 seconds
TPS: 6575, ETA: 17 seconds
TPS: 6575, ETA: 17 seconds
TPS: 6575, ETA: 17 seconds
TPS: 6576, ETA: 17 seconds
TPS: 6576, ETA: 17 seconds
TPS: 6576, ETA: 17 seconds
TPS: 6576, ETA: 17 seconds
TPS: 6576, ETA: 17 seconds
TPS: 6576, ETA: 17 seconds
TPS: 6576, ETA: 17 seconds
TPS: 6577, ETA: 17 seconds
TPS: 6577, ETA: 17 seconds
TPS: 6577, ETA: 17 seconds
TPS: 6577, ETA: 16 seconds
TPS: 6577, ETA: 16 seconds
TPS: 6578, ETA: 16 seconds
TPS: 6578, ETA: 16 seconds
TPS: 6578, ETA: 16 seconds
TPS: 6578, ETA: 16 seconds
TPS: 6578, ETA: 16 seconds
TPS: 6578, ETA: 16 seconds
TPS: 6578, ETA: 16 seconds
TPS: 6579, ETA: 16 seconds
TPS: 6579, ETA: 16 seconds
TPS: 6579, ETA: 16 seconds
TPS: 6579, ETA: 16 seconds
TPS: 6579, ETA: 15 seconds
TPS: 6579, ETA: 15 seconds
TPS: 6579, ETA: 15 seconds
TPS: 6580, ETA: 15 seconds
TPS: 6580, ETA: 15 seconds
TPS: 6580, ETA: 15 seconds
TPS: 6580, ETA: 15 seconds
TPS: 6580, ETA: 15 seconds
TPS: 6580, ETA: 15 seconds
TPS: 6581, ETA: 15 seconds
TPS: 6581, ETA: 15 seconds
TPS: 6570, ETA: 15 seconds
TPS: 6577, ETA: 15 seconds
TPS: 6581, ETA: 14 seconds
TPS: 6581, ETA: 14 seconds
TPS: 6581, ETA: 14 seconds
TPS: 6581, ETA: 14 seconds
TPS: 6581, ETA: 14 seconds
TPS: 6581, ETA: 14 seconds
TPS: 6582, ETA: 14 seconds
TPS: 6582, ETA: 14 seconds
TPS: 6582, ETA: 14 seconds
TPS: 6582, ETA: 14 seconds
TPS: 6582, ETA: 14 seconds
TPS: 6582, ETA: 14 seconds
TPS: 6582, ETA: 14 seconds
TPS: 6583, ETA: 13 seconds
TPS: 6583, ETA: 13 seconds
TPS: 6583, ETA: 13 seconds
TPS: 6583, ETA: 13 seconds
TPS: 6583, ETA: 13 seconds
TPS: 6583, ETA: 13 seconds
TPS: 6583, ETA: 13 seconds
TPS: 6584, ETA: 13 seconds
TPS: 6584, ETA: 13 seconds
TPS: 6584, ETA: 13 seconds
TPS: 6584, ETA: 13 seconds
TPS: 6584, ETA: 13 seconds
TPS: 6584, ETA: 13 seconds
TPS: 6584, ETA: 12 seconds
TPS: 6585, ETA: 12 seconds
TPS: 6585, ETA: 12 seconds
TPS: 6585, ETA: 12 seconds
TPS: 6585, ETA: 12 seconds
TPS: 6585, ETA: 12 seconds
TPS: 6585, ETA: 12 seconds
TPS: 6585, ETA: 12 seconds
TPS: 6586, ETA: 12 seconds
TPS: 6586, ETA: 12 seconds
TPS: 6586, ETA: 12 seconds
TPS: 6586, ETA: 12 seconds
TPS: 6586, ETA: 12 seconds
TPS: 6586, ETA: 11 seconds
TPS: 6586, ETA: 11 seconds
TPS: 6587, ETA: 11 seconds
TPS: 6587, ETA: 11 seconds
TPS: 6587, ETA: 11 seconds
TPS: 6587, ETA: 11 seconds
TPS: 6587, ETA: 11 seconds
TPS: 6587, ETA: 11 seconds
TPS: 6587, ETA: 11 seconds
TPS: 6588, ETA: 11 seconds
TPS: 6587, ETA: 11 seconds
TPS: 6588, ETA: 11 seconds
TPS: 6588, ETA: 11 seconds
TPS: 6588, ETA: 11 seconds
TPS: 6588, ETA: 10 seconds
TPS: 6588, ETA: 10 seconds
TPS: 6588, ETA: 10 seconds
TPS: 6589, ETA: 10 seconds
TPS: 6589, ETA: 10 seconds
TPS: 6589, ETA: 10 seconds
TPS: 6589, ETA: 10 seconds
TPS: 6589, ETA: 10 seconds
TPS: 6589, ETA: 10 seconds
TPS: 6589, ETA: 10 seconds
TPS: 6590, ETA: 10 seconds
TPS: 6590, ETA: 10 seconds
TPS: 6588, ETA: 10 seconds
TPS: 6590, ETA: 9 seconds
TPS: 6590, ETA: 9 seconds
TPS: 6590, ETA: 9 seconds
TPS: 6590, ETA: 9 seconds
TPS: 6590, ETA: 9 seconds
TPS: 6591, ETA: 9 seconds
TPS: 6591, ETA: 9 seconds
TPS: 6591, ETA: 9 seconds
TPS: 6591, ETA: 9 seconds
TPS: 6591, ETA: 9 seconds
TPS: 6591, ETA: 9 seconds
TPS: 6591, ETA: 9 seconds
TPS: 6592, ETA: 9 seconds
TPS: 6592, ETA: 8 seconds
TPS: 6592, ETA: 8 seconds
TPS: 6592, ETA: 8 seconds
TPS: 6592, ETA: 8 seconds
TPS: 6592, ETA: 8 seconds
TPS: 6592, ETA: 8 seconds
TPS: 6592, ETA: 8 seconds
TPS: 6593, ETA: 8 seconds
TPS: 6593, ETA: 8 seconds
TPS: 6593, ETA: 8 seconds
TPS: 6593, ETA: 8 seconds
TPS: 6593, ETA: 8 seconds
TPS: 6593, ETA: 8 seconds
TPS: 6593, ETA: 7 seconds
TPS: 6593, ETA: 7 seconds
TPS: 6594, ETA: 7 seconds
TPS: 6594, ETA: 7 seconds
TPS: 6594, ETA: 7 seconds
TPS: 6594, ETA: 7 seconds
TPS: 6581, ETA: 7 seconds
TPS: 6587, ETA: 7 seconds
TPS: 6591, ETA: 7 seconds
TPS: 6591, ETA: 7 seconds
TPS: 6591, ETA: 7 seconds
TPS: 6591, ETA: 7 seconds
TPS: 6592, ETA: 7 seconds
TPS: 6592, ETA: 6 seconds
TPS: 6592, ETA: 6 seconds
TPS: 6592, ETA: 6 seconds
TPS: 6592, ETA: 6 seconds
TPS: 6592, ETA: 6 seconds
TPS: 6592, ETA: 6 seconds
TPS: 6592, ETA: 6 seconds
TPS: 6593, ETA: 6 seconds
TPS: 6593, ETA: 6 seconds
TPS: 6593, ETA: 6 seconds
TPS: 6593, ETA: 6 seconds
TPS: 6593, ETA: 6 seconds
TPS: 6593, ETA: 6 seconds
TPS: 6593, ETA: 5 seconds
TPS: 6593, ETA: 5 seconds
TPS: 6594, ETA: 5 seconds
TPS: 6594, ETA: 5 seconds
TPS: 6594, ETA: 5 seconds
TPS: 6594, ETA: 5 seconds
TPS: 6594, ETA: 5 seconds
TPS: 6594, ETA: 5 seconds
TPS: 6594, ETA: 5 seconds
TPS: 6594, ETA: 5 seconds
TPS: 6595, ETA: 5 seconds
TPS: 6595, ETA: 5 seconds
TPS: 6595, ETA: 5 seconds
TPS: 6595, ETA: 5 seconds
TPS: 6595, ETA: 4 seconds
TPS: 6595, ETA: 4 seconds
TPS: 6595, ETA: 4 seconds
TPS: 6595, ETA: 4 seconds
TPS: 6595, ETA: 4 seconds
TPS: 6596, ETA: 4 seconds
TPS: 6596, ETA: 4 seconds
TPS: 6596, ETA: 4 seconds
TPS: 6596, ETA: 4 seconds
TPS: 6596, ETA: 4 seconds
TPS: 6596, ETA: 4 seconds
TPS: 6596, ETA: 4 seconds
TPS: 6596, ETA: 4 seconds
TPS: 6597, ETA: 3 seconds
TPS: 6597, ETA: 3 seconds
TPS: 6597, ETA: 3 seconds
TPS: 6597, ETA: 3 seconds
TPS: 6597, ETA: 3 seconds
TPS: 6597, ETA: 3 seconds
TPS: 6597, ETA: 3 seconds
TPS: 6597, ETA: 3 seconds
TPS: 6597, ETA: 3 seconds
TPS: 6597, ETA: 3 seconds
TPS: 6598, ETA: 3 seconds
TPS: 6598, ETA: 3 seconds
TPS: 6598, ETA: 3 seconds
TPS: 6598, ETA: 2 seconds
TPS: 6598, ETA: 2 seconds
TPS: 6598, ETA: 2 seconds
TPS: 6598, ETA: 2 seconds
TPS: 6598, ETA: 2 seconds
TPS: 6598, ETA: 2 seconds
TPS: 6599, ETA: 2 seconds
TPS: 6599, ETA: 2 seconds
TPS: 6599, ETA: 2 seconds
TPS: 6599, ETA: 2 seconds
TPS: 6599, ETA: 2 seconds
TPS: 6599, ETA: 2 seconds
TPS: 6599, ETA: 2 seconds
TPS: 6599, ETA: 1 second
TPS: 6599, ETA: 1 second
TPS: 6600, ETA: 1 second
TPS: 6600, ETA: 1 second
TPS: 6600, ETA: 1 second
TPS: 6600, ETA: 1 second
TPS: 6600, ETA: 1 second
TPS: 6600, ETA: 1 second
TPS: 6600, ETA: 1 second
TPS: 6600, ETA: 1 second
TPS: 6600, ETA: 1 second
TPS: 6601, ETA: 1 second
TPS: 6601, ETA: 1 second
TPS: 6601, ETA: empty period
TPS: 6601, ETA: empty period
TPS: 6601, ETA: empty period
TPS: 6601, ETA: empty period
TPS: 6601, ETA: empty period
TPS: 6601, ETA: empty period
TPS: 6601, ETA: empty period
TPS: 6601, ETA: empty period
TPS: 6602, ETA: empty period
TPS: 6602, ETA: empty period
TPS: 6602, ETA: empty period
TPS: 6602, ETA: empty period
TPS: 6602, ETA: empty period
TPS: 6602, ETA: empty period
finished tri1_U020uf5alpha1.5tauR2_19.5626_15.2634_29.9983read from 0925-1.txt(100000,)TPS: 62500, ETA: 7 seconds
TPS: 62500, ETA: 7 seconds
TPS: 24194, ETA: 20 seconds
TPS: 15625, ETA: 31 seconds
TPS: 12887, ETA: 38 seconds
TPS: 11628, ETA: 42 seconds
TPS: 10903, ETA: 45 seconds
TPS: 10444, ETA: 47 seconds
TPS: 10090, ETA: 49 seconds
TPS: 9823, ETA: 50 seconds
TPS: 9615, ETA: 51 seconds
TPS: 9449, ETA: 52 seconds
TPS: 9312, ETA: 52 seconds
TPS: 9198, ETA: 53 seconds
TPS: 9102, ETA: 54 seconds
TPS: 9019, ETA: 54 seconds
TPS: 8947, ETA: 54 seconds
TPS: 8876, ETA: 55 seconds
TPS: 8813, ETA: 55 seconds
TPS: 8757, ETA: 55 seconds
TPS: 8706, ETA: 56 seconds
TPS: 8655, ETA: 56 seconds
TPS: 8608, ETA: 56 seconds
TPS: 8559, ETA: 57 seconds
TPS: 8509, ETA: 57 seconds
TPS: 8464, ETA: 57 seconds
TPS: 8416, ETA: 57 seconds
TPS: 8368, ETA: 58 seconds
TPS: 8329, ETA: 58 seconds
TPS: 8287, ETA: 58 seconds
TPS: 8249, ETA: 58 seconds
TPS: 8209, ETA: 58 seconds
TPS: 8176, ETA: 59 seconds
TPS: 8138, ETA: 59 seconds
TPS: 8106, ETA: 59 seconds
TPS: 8075, ETA: 59 seconds
TPS: 8047, ETA: 59 seconds
TPS: 8017, ETA: 59 seconds
TPS: 7989, ETA: 1 minute
TPS: 7959, ETA: 1 minute
TPS: 7933, ETA: 1 minute
TPS: 7904, ETA: 1 minute
TPS: 7878, ETA: 1 minute
TPS: 7852, ETA: 1 minute
TPS: 7826, ETA: 1 minute, 1 second
TPS: 7799, ETA: 1 minute, 1 second
TPS: 7774, ETA: 1 minute, 1 second
TPS: 7749, ETA: 1 minute, 1 second
TPS: 7726, ETA: 1 minute, 1 second
TPS: 7702, ETA: 1 minute, 1 second
TPS: 7678, ETA: 1 minute, 1 second
TPS: 7656, ETA: 1 minute, 1 second
TPS: 7630, ETA: 1 minute, 2 seconds
TPS: 7610, ETA: 1 minute, 2 seconds
TPS: 7588, ETA: 1 minute, 2 seconds
TPS: 7566, ETA: 1 minute, 2 seconds
TPS: 7546, ETA: 1 minute, 2 seconds
TPS: 7527, ETA: 1 minute, 2 seconds
TPS: 7508, ETA: 1 minute, 2 seconds
TPS: 7491, ETA: 1 minute, 2 seconds
TPS: 7474, ETA: 1 minute, 2 seconds
TPS: 7457, ETA: 1 minute, 2 seconds
TPS: 7440, ETA: 1 minute, 2 seconds
TPS: 7425, ETA: 1 minute, 3 seconds
TPS: 7410, ETA: 1 minute, 3 seconds
TPS: 7394, ETA: 1 minute, 3 seconds
TPS: 7379, ETA: 1 minute, 3 seconds
TPS: 7366, ETA: 1 minute, 3 seconds
TPS: 7351, ETA: 1 minute, 3 seconds
TPS: 7338, ETA: 1 minute, 3 seconds
TPS: 7324, ETA: 1 minute, 3 seconds
TPS: 7313, ETA: 1 minute, 3 seconds
TPS: 7300, ETA: 1 minute, 3 seconds
TPS: 7288, ETA: 1 minute, 3 seconds
TPS: 7276, ETA: 1 minute, 3 seconds
TPS: 7264, ETA: 1 minute, 3 seconds
TPS: 7255, ETA: 1 minute, 3 seconds
TPS: 7244, ETA: 1 minute, 3 seconds
TPS: 7233, ETA: 1 minute, 3 seconds
TPS: 7223, ETA: 1 minute, 3 seconds
TPS: 7213, ETA: 1 minute, 3 seconds
TPS: 7203, ETA: 1 minute, 3 seconds
TPS: 7194, ETA: 1 minute, 3 seconds
TPS: 7184, ETA: 1 minute, 3 seconds
TPS: 7173, ETA: 1 minute, 3 seconds
TPS: 7167, ETA: 1 minute, 3 seconds
TPS: 7158, ETA: 1 minute, 3 seconds
TPS: 7150, ETA: 1 minute, 3 seconds
TPS: 7142, ETA: 1 minute, 3 seconds
TPS: 7135, ETA: 1 minute, 3 seconds
TPS: 7127, ETA: 1 minute, 3 seconds
TPS: 7120, ETA: 1 minute, 3 seconds
TPS: 7112, ETA: 1 minute, 3 seconds
TPS: 7105, ETA: 1 minute, 3 seconds
TPS: 7099, ETA: 1 minute, 3 seconds
TPS: 7092, ETA: 1 minute, 3 seconds
TPS: 7085, ETA: 1 minute, 3 seconds
TPS: 7079, ETA: 1 minute, 3 seconds
TPS: 7073, ETA: 1 minute, 3 seconds
TPS: 7067, ETA: 1 minute, 3 seconds
TPS: 6964, ETA: 1 minute, 4 seconds
TPS: 7018, ETA: 1 minute, 3 seconds
TPS: 7045, ETA: 1 minute, 3 seconds
TPS: 7040, ETA: 1 minute, 3 seconds
TPS: 7035, ETA: 1 minute, 3 seconds
TPS: 7030, ETA: 1 minute, 3 seconds
TPS: 7025, ETA: 1 minute, 3 seconds
TPS: 7020, ETA: 1 minute, 3 seconds
TPS: 7015, ETA: 1 minute, 3 seconds
TPS: 7011, ETA: 1 minute, 3 seconds
TPS: 7007, ETA: 1 minute, 3 seconds
TPS: 7002, ETA: 1 minute, 3 seconds
TPS: 6998, ETA: 1 minute, 3 seconds
TPS: 6994, ETA: 1 minute, 3 seconds
TPS: 6989, ETA: 1 minute, 3 seconds
TPS: 6985, ETA: 1 minute, 3 seconds
TPS: 6982, ETA: 1 minute, 3 seconds
TPS: 6978, ETA: 1 minute, 3 seconds
TPS: 6974, ETA: 1 minute, 3 seconds
TPS: 6967, ETA: 1 minute, 3 seconds
TPS: 6967, ETA: 1 minute, 3 seconds
TPS: 6963, ETA: ERROR: LoadError: syntax: unexpected "end"
Stacktrace:
 [1] top-level scope
   @ /central/groups/daraio-group/EdmondZhou/storage/catheter/cathetersim/levy/opt0925/tri0925.jl:160
in expression starting at /central/groups/daraio-group/EdmondZhou/storage/catheter/cathetersim/levy/opt0925/tri0925.jl:160
1 minute, 3 seconds
TPS: 6959, ETA: 1 minute, 3 seconds
TPS: 6956, ETA: 1 minute, 2 seconds
TPS: 6953, ETA: 1 minute, 2 seconds
TPS: 6950, ETA: 1 minute, 2 seconds
TPS: 6947, ETA: 1 minute, 2 seconds
TPS: 6944, ETA: 1 minute, 2 seconds
TPS: 6941, ETA: 1 minute, 2 seconds
TPS: 6938, ETA: 1 minute, 2 seconds
TPS: 6934, ETA: 1 minute, 2 seconds
TPS: 6931, ETA: 1 minute, 2 seconds
TPS: 6929, ETA: 1 minute, 2 seconds
TPS: 6926, ETA: 1 minute, 2 seconds
TPS: 6923, ETA: 1 minute, 2 seconds
TPS: 6920, ETA: 1 minute, 2 seconds
TPS: 6918, ETA: 1 minute, 2 seconds
TPS: 6915, ETA: 1 minute, 2 seconds
TPS: 6913, ETA: 1 minute, 2 seconds
TPS: 6910, ETA: 1 minute, 2 seconds
TPS: 6908, ETA: 1 minute, 2 seconds
TPS: 6905, ETA: 1 minute, 2 seconds
TPS: 6903, ETA: 1 minute, 2 seconds
TPS: 6901, ETA: 1 minute, 2 seconds
TPS: 6898, ETA: 1 minute, 1 second
TPS: 6896, ETA: 1 minute, 1 second
TPS: 6894, ETA: 1 minute, 1 second
TPS: 6892, ETA: 1 minute, 1 second
TPS: 6890, ETA: 1 minute, 1 second
TPS: 6888, ETA: 1 minute, 1 second
TPS: 6886, ETA: 1 minute, 1 second
TPS: 6884, ETA: 1 minute, 1 second
TPS: 6882, ETA: 1 minute, 1 second
TPS: 6880, ETA: 1 minute, 1 second
TPS: 6874, ETA: 1 minute, 1 second
TPS: 6876, ETA: 1 minute, 1 second
TPS: 6875, ETA: 1 minute, 1 second
TPS: 6873, ETA: 1 minute, 1 second
TPS: 6871, ETA: 1 minute, 1 second
TPS: 6869, ETA: 1 minute, 1 second
TPS: 6867, ETA: 1 minute, 1 second
TPS: 6866, ETA: 1 minute, 1 second
TPS: 6864, ETA: 1 minute
TPS: 6862, ETA: 1 minute
TPS: 6861, ETA: 1 minute
TPS: 6860, ETA: 1 minute
TPS: 6858, ETA: 1 minute
TPS: 6857, ETA: 1 minute
TPS: 6855, ETA: 1 minute
TPS: 6854, ETA: 1 minute
TPS: 6852, ETA: 1 minute
TPS: 6850, ETA: 1 minute
TPS: 6849, ETA: 1 minute
TPS: 6848, ETA: 1 minute
TPS: 6847, ETA: 1 minute
TPS: 6845, ETA: 1 minute
TPS: 6844, ETA: 1 minute
TPS: 6842, ETA: 1 minute
TPS: 6841, ETA: 1 minute
TPS: 6840, ETA: 59 seconds
TPS: 6839, ETA: 59 seconds
TPS: 6838, ETA: 59 seconds
TPS: 6837, ETA: 59 seconds
TPS: 6836, ETA: 59 seconds
TPS: 6834, ETA: 59 seconds
TPS: 6833, ETA: 59 seconds
TPS: 6832, ETA: 59 seconds
TPS: 6831, ETA: 59 seconds
TPS: 6830, ETA: 59 seconds
TPS: 6824, ETA: 59 seconds
TPS: 6828, ETA: 59 seconds
TPS: 6827, ETA: 59 seconds
TPS: 6826, ETA: 59 seconds
TPS: 6825, ETA: 59 seconds
TPS: 6824, ETA: 58 seconds
TPS: 6823, ETA: 58 seconds
TPS: 6822, ETA: 58 seconds
TPS: 6821, ETA: 58 seconds
TPS: 6820, ETA: 58 seconds
TPS: 6819, ETA: 58 seconds
TPS: 6773, ETA: 58 seconds
TPS: 6790, ETA: 58 seconds
TPS: 6814, ETA: 58 seconds
TPS: 6814, ETA: 58 seconds
TPS: 6813, ETA: 58 seconds
TPS: 6812, ETA: 58 seconds
TPS: 6811, ETA: 58 seconds
TPS: 6810, ETA: 58 seconds
TPS: 6810, ETA: 58 seconds
TPS: 6809, ETA: 58 seconds
TPS: 6808, ETA: 57 seconds
TPS: 6807, ETA: 57 seconds
TPS: 6806, ETA: 57 seconds
TPS: 6806, ETA: 57 seconds
TPS: 6805, ETA: 57 seconds
TPS: 6804, ETA: 57 seconds
TPS: 6804, ETA: 57 seconds
TPS: 6803, ETA: 57 seconds
TPS: 6803, ETA: 57 seconds
TPS: 6801, ETA: 57 seconds
TPS: 6801, ETA: 57 seconds
TPS: 6800, ETA: 57 seconds
TPS: 6800, ETA: 57 seconds
TPS: 6799, ETA: 57 seconds
TPS: 6793, ETA: 57 seconds
TPS: 6798, ETA: 56 seconds
TPS: 6797, ETA: 56 seconds
TPS: 6797, ETA: 56 seconds
TPS: 6796, ETA: 56 seconds
TPS: 6795, ETA: 56 seconds
TPS: 6795, ETA: 56 seconds
TPS: 6794, ETA: 56 seconds
TPS: 6793, ETA: 56 seconds
TPS: 6793, ETA: 56 seconds
TPS: 6792, ETA: 56 seconds
TPS: 6792, ETA: 56 seconds
TPS: 6791, ETA: 56 seconds
TPS: 6791, ETA: 56 seconds
TPS: 6790, ETA: 56 seconds
TPS: 6790, ETA: 55 seconds
TPS: 6789, ETA: 55 seconds
TPS: 6789, ETA: 55 seconds
TPS: 6788, ETA: 55 seconds
TPS: 6788, ETA: 55 seconds
TPS: 6787, ETA: 55 seconds
TPS: 6787, ETA: 55 seconds
TPS: 6786, ETA: 55 seconds
TPS: 6786, ETA: 55 seconds
TPS: 6785, ETA: 55 seconds
TPS: 6785, ETA: 55 seconds
TPS: 6784, ETA: 55 seconds
TPS: 6784, ETA: 55 seconds
TPS: 6783, ETA: 55 seconds
TPS: 6783, ETA: 54 seconds
TPS: 6782, ETA: 54 seconds
TPS: 6782, ETA: 54 seconds
TPS: 6781, ETA: 54 seconds
TPS: 6781, ETA: 54 seconds
TPS: 6781, ETA: 54 seconds
TPS: 6780, ETA: 54 seconds
TPS: 6780, ETA: 54 seconds
TPS: 6779, ETA: 54 seconds
TPS: 6779, ETA: 54 seconds
TPS: 6779, ETA: 54 seconds
TPS: 6778, ETA: 54 seconds
TPS: 6778, ETA: 54 seconds
TPS: 6778, ETA: 54 seconds
TPS: 6777, ETA: 54 seconds
TPS: 6777, ETA: 53 seconds
TPS: 6776, ETA: 53 seconds
TPS: 6776, ETA: 53 seconds
TPS: 6776, ETA: 53 seconds
TPS: 6776, ETA: 53 seconds
TPS: 6775, ETA: 53 seconds
TPS: 6775, ETA: 53 seconds
TPS: 6774, ETA: 53 seconds
TPS: 6774, ETA: 53 seconds
TPS: 6774, ETA: 53 seconds
TPS: 6773, ETA: 53 seconds
TPS: 6773, ETA: 53 seconds
TPS: 6773, ETA: 53 seconds
TPS: 6772, ETA: 53 seconds
TPS: 6772, ETA: 52 seconds
TPS: 6772, ETA: 52 seconds
TPS: 6772, ETA: 52 seconds
TPS: 6771, ETA: 52 seconds
TPS: 6771, ETA: 52 seconds
TPS: 6770, ETA: 52 seconds
TPS: 6770, ETA: 52 seconds
TPS: 6770, ETA: 52 seconds
TPS: 6770, ETA: 52 seconds
TPS: 6769, ETA: 52 seconds
TPS: 6769, ETA: 52 seconds
TPS: 6769, ETA: 52 seconds
TPS: 6769, ETA: 52 seconds
TPS: 6768, ETA: 52 seconds
TPS: 6768, ETA: 51 seconds
TPS: 6767, ETA: 51 seconds
TPS: 6767, ETA: 51 seconds
TPS: 6767, ETA: 51 seconds
TPS: 6737, ETA: 51 seconds
TPS: 6755, ETA: 51 seconds
TPS: 6765, ETA: 51 seconds
TPS: 6765, ETA: 51 seconds
TPS: 6765, ETA: 51 seconds
TPS: 6764, ETA: 51 seconds
TPS: 6764, ETA: 51 seconds
TPS: 6764, ETA: 51 seconds
TPS: 6764, ETA: 51 seconds
TPS: 6763, ETA: 51 seconds
TPS: 6763, ETA: 50 seconds
TPS: 6763, ETA: 50 seconds
TPS: 6763, ETA: 50 seconds
TPS: 6763, ETA: 50 seconds
TPS: 6762, ETA: 50 seconds
TPS: 6762, ETA: 50 seconds
TPS: 6762, ETA: 50 seconds
TPS: 6762, ETA: 50 seconds
TPS: 6761, ETA: 50 seconds
TPS: 6761, ETA: 50 seconds
TPS: 6761, ETA: 50 seconds
TPS: 6761, ETA: 50 seconds
TPS: 6761, ETA: 50 seconds
TPS: 6760, ETA: 49 seconds
TPS: 6760, ETA: 49 seconds
TPS: 6760, ETA: 49 seconds
TPS: 6760, ETA: 49 seconds
TPS: 6760, ETA: 49 seconds
TPS: 6760, ETA: 49 seconds
TPS: 6759, ETA: 49 seconds
TPS: 6759, ETA: 49 seconds
TPS: 6759, ETA: 49 seconds
TPS: 6759, ETA: 49 seconds
TPS: 6759, ETA: 49 seconds
TPS: 6758, ETA: 49 seconds
TPS: 6758, ETA: 49 seconds
TPS: 6758, ETA: 49 seconds
TPS: 6758, ETA: 48 seconds
TPS: 6758, ETA: 48 seconds
TPS: 6758, ETA: 48 seconds
TPS: 6757, ETA: 48 seconds
TPS: 6757, ETA: 48 seconds
TPS: 6757, ETA: 48 seconds
TPS: 6757, ETA: 48 seconds
TPS: 6757, ETA: 48 seconds
TPS: 6756, ETA: 48 seconds
TPS: 6756, ETA: 48 seconds
TPS: 6756, ETA: 48 seconds
TPS: 6756, ETA: 48 seconds
TPS: 6756, ETA: 48 seconds
TPS: 6756, ETA: 48 seconds
TPS: 6756, ETA: 47 seconds
TPS: 6755, ETA: 47 seconds
TPS: 6755, ETA: 47 seconds
TPS: 6755, ETA: 47 seconds
TPS: 6755, ETA: 47 seconds
TPS: 6755, ETA: 47 seconds
TPS: 6755, ETA: 47 seconds
TPS: 6754, ETA: 47 seconds
TPS: 6754, ETA: 47 seconds
TPS: 6754, ETA: 47 seconds
TPS: 6754, ETA: 47 seconds
TPS: 6754, ETA: 47 seconds
TPS: 6754, ETA: 47 seconds
TPS: 6754, ETA: 47 seconds
TPS: 6754, ETA: 46 seconds
TPS: 6754, ETA: 46 seconds
TPS: 6753, ETA: 46 seconds
TPS: 6753, ETA: 46 seconds
TPS: 6753, ETA: 46 seconds
TPS: 6753, ETA: 46 seconds
TPS: 6753, ETA: 46 seconds
TPS: 6753, ETA: 46 seconds
TPS: 6753, ETA: 46 seconds
TPS: 6752, ETA: 46 seconds
TPS: 6752, ETA: 46 seconds
TPS: 6752, ETA: 46 seconds
TPS: 6752, ETA: 46 seconds
TPS: 6752, ETA: 45 seconds
TPS: 6752, ETA: 45 seconds
TPS: 6752, ETA: 45 seconds
TPS: 6752, ETA: 45 seconds
TPS: 6751, ETA: 45 seconds
TPS: 6751, ETA: 45 seconds
TPS: 6751, ETA: 45 seconds
TPS: 6751, ETA: 45 seconds
TPS: 6751, ETA: 45 seconds
TPS: 6751, ETA: 45 seconds
TPS: 6751, ETA: 45 seconds
TPS: 6750, ETA: 45 seconds
TPS: 6750, ETA: 45 seconds
TPS: 6750, ETA: 45 seconds
TPS: 6750, ETA: 44 seconds
TPS: 6750, ETA: 44 seconds
TPS: 6750, ETA: 44 seconds
TPS: 6750, ETA: 44 seconds
TPS: 6750, ETA: 44 seconds
TPS: 6750, ETA: 44 seconds
TPS: 6749, ETA: 44 seconds
TPS: 6749, ETA: 44 seconds
TPS: 6722, ETA: 44 seconds
TPS: 6736, ETA: 44 seconds
TPS: 6745, ETA: 44 seconds
TPS: 6745, ETA: 44 seconds
TPS: 6745, ETA: 44 seconds
TPS: 6745, ETA: 44 seconds
TPS: 6745, ETA: 43 seconds
TPS: 6745, ETA: 43 seconds
TPS: 6745, ETA: 43 seconds
TPS: 6745, ETA: 43 seconds
TPS: 6744, ETA: 43 seconds
TPS: 6743, ETA: 43 seconds
TPS: 6744, ETA: 43 seconds
TPS: 6744, ETA: 43 seconds
TPS: 6744, ETA: 43 seconds
TPS: 6744, ETA: 43 seconds
TPS: 6744, ETA: 43 seconds
TPS: 6744, ETA: 43 seconds
TPS: 6744, ETA: 43 seconds
TPS: 6744, ETA: 43 seconds
TPS: 6744, ETA: 42 seconds
TPS: 6743, ETA: 42 seconds
TPS: 6743, ETA: 42 seconds
TPS: 6743, ETA: 42 seconds
TPS: 6743, ETA: 42 seconds
TPS: 6743, ETA: 42 seconds
TPS: 6743, ETA: 42 seconds
TPS: 6743, ETA: 42 seconds
TPS: 6743, ETA: 42 seconds
TPS: 6743, ETA: 42 seconds
TPS: 6743, ETA: 42 seconds
TPS: 6743, ETA: 42 seconds
TPS: 6743, ETA: 42 seconds
TPS: 6742, ETA: 41 seconds
TPS: 6743, ETA: 41 seconds
TPS: 6742, ETA: 41 seconds
TPS: 6742, ETA: 41 seconds
TPS: 6742, ETA: 41 seconds
TPS: 6742, ETA: 41 seconds
TPS: 6742, ETA: 41 seconds
TPS: 6742, ETA: 41 seconds
TPS: 6742, ETA: 41 seconds
TPS: 6742, ETA: 41 seconds
TPS: 6742, ETA: 41 seconds
TPS: 6742, ETA: 41 seconds
TPS: 6742, ETA: 41 seconds
TPS: 6740, ETA: 41 seconds
TPS: 6742, ETA: 40 seconds
TPS: 6742, ETA: 40 seconds
TPS: 6742, ETA: 40 seconds
TPS: 6742, ETA: 40 seconds
TPS: 6741, ETA: 40 seconds
TPS: 6741, ETA: 40 seconds
TPS: 6741, ETA: 40 seconds
TPS: 6741, ETA: 40 seconds
TPS: 6741, ETA: 40 seconds
TPS: 6741, ETA: 40 seconds
TPS: 6741, ETA: 40 seconds
TPS: 6741, ETA: 40 seconds
TPS: 6741, ETA: 40 seconds
TPS: 6741, ETA: 39 seconds
TPS: 6741, ETA: 39 seconds
TPS: 6741, ETA: 39 seconds
TPS: 6741, ETA: 39 seconds
TPS: 6741, ETA: 39 seconds
TPS: 6741, ETA: 39 seconds
TPS: 6741, ETA: 39 seconds
TPS: 6741, ETA: 39 seconds
TPS: 6741, ETA: 39 seconds
TPS: 6741, ETA: 39 seconds
TPS: 6741, ETA: 39 seconds
TPS: 6741, ETA: 39 seconds
TPS: 6741, ETA: 39 seconds
TPS: 6740, ETA: 39 seconds
TPS: 6740, ETA: 38 seconds
TPS: 6740, ETA: 38 seconds
TPS: 6740, ETA: 38 seconds
TPS: 6740, ETA: 38 seconds
TPS: 6740, ETA: 38 seconds
TPS: 6740, ETA: 38 seconds
TPS: 6740, ETA: 38 seconds
TPS: 6738, ETA: 38 seconds
TPS: 6740, ETA: 38 seconds
TPS: 6740, ETA: 38 seconds
TPS: 6740, ETA: 38 seconds
TPS: 6740, ETA: 38 seconds
TPS: 6740, ETA: 38 seconds
TPS: 6740, ETA: 37 seconds
TPS: 6740, ETA: 37 seconds
TPS: 6740, ETA: 37 seconds
TPS: 6740, ETA: 37 seconds
TPS: 6740, ETA: 37 seconds
TPS: 6740, ETA: 37 seconds
TPS: 6740, ETA: 37 seconds
TPS: 6740, ETA: 37 seconds
TPS: 6739, ETA: 37 seconds
TPS: 6740, ETA: 37 seconds
TPS: 6740, ETA: 37 seconds
TPS: 6739, ETA: 37 seconds
TPS: 6739, ETA: 37 seconds
TPS: 6722, ETA: 37 seconds
TPS: 6732, ETA: 36 seconds
TPS: 6738, ETA: 36 seconds
TPS: 6739, ETA: 36 seconds
TPS: 6738, ETA: 36 seconds
TPS: 6738, ETA: 36 seconds
TPS: 6738, ETA: 36 seconds
TPS: 6738, ETA: 36 seconds
TPS: 6738, ETA: 36 seconds
TPS: 6738, ETA: 36 seconds
TPS: 6738, ETA: 36 seconds
TPS: 6738, ETA: 36 seconds
TPS: 6738, ETA: 36 seconds
TPS: 6738, ETA: 36 seconds
TPS: 6738, ETA: 35 seconds
TPS: 6738, ETA: 35 seconds
TPS: 6736, ETA: 35 seconds
TPS: 6738, ETA: 35 seconds
TPS: 6738, ETA: 35 seconds
TPS: 6738, ETA: 35 seconds
TPS: 6738, ETA: 35 seconds
TPS: 6738, ETA: 35 seconds
TPS: 6738, ETA: 35 seconds
TPS: 6738, ETA: 35 seconds
TPS: 6738, ETA: 35 seconds
TPS: 6738, ETA: 35 seconds
TPS: 6738, ETA: 35 seconds
TPS: 6738, ETA: 35 seconds
TPS: 6738, ETA: 34 seconds
TPS: 6738, ETA: 34 seconds
TPS: 6738, ETA: 34 seconds
TPS: 6737, ETA: 34 seconds
TPS: 6737, ETA: 34 seconds
TPS: 6737, ETA: 34 seconds
TPS: 6737, ETA: 34 seconds
TPS: 6737, ETA: 34 seconds
TPS: 6737, ETA: 34 seconds
TPS: 6737, ETA: 34 seconds
TPS: 6737, ETA: 34 seconds
TPS: 6737, ETA: 34 seconds
TPS: 6737, ETA: 34 seconds
TPS: 6737, ETA: 33 seconds
TPS: 6737, ETA: 33 seconds
TPS: 6737, ETA: 33 seconds
TPS: 6737, ETA: 33 seconds
TPS: 6737, ETA: 33 seconds
TPS: 6737, ETA: 33 seconds
TPS: 6737, ETA: 33 seconds
TPS: 6737, ETA: 33 seconds
TPS: 6737, ETA: 33 seconds
TPS: 6737, ETA: 33 seconds
TPS: 6737, ETA: 33 seconds
TPS: 6737, ETA: 33 seconds
TPS: 6737, ETA: 33 seconds
TPS: 6737, ETA: 33 seconds
TPS: 6737, ETA: 32 seconds
TPS: 6737, ETA: 32 seconds
TPS: 6737, ETA: 32 seconds
TPS: 6737, ETA: 32 seconds
TPS: 6737, ETA: 32 seconds
TPS: 6737, ETA: 32 seconds
TPS: 6737, ETA: 32 seconds
TPS: 6737, ETA: 32 seconds
TPS: 6737, ETA: 32 seconds
TPS: 6737, ETA: 32 seconds
TPS: 6737, ETA: 32 seconds
TPS: 6737, ETA: 32 seconds
TPS: 6737, ETA: 32 seconds
TPS: 6737, ETA: 31 seconds
TPS: 6736, ETA: 31 seconds
TPS: 6737, ETA: 31 seconds
TPS: 6736, ETA: 31 seconds
TPS: 6736, ETA: 31 seconds
TPS: 6736, ETA: 31 seconds
TPS: 6736, ETA: 31 seconds
TPS: 6736, ETA: 31 seconds
TPS: 6736, ETA: 31 seconds
TPS: 6736, ETA: 31 seconds
TPS: 6736, ETA: 31 seconds
TPS: 6736, ETA: 31 seconds
TPS: 6736, ETA: 31 seconds
TPS: 6736, ETA: 31 seconds
TPS: 6736, ETA: 30 seconds
TPS: 6736, ETA: 30 seconds
TPS: 6736, ETA: 30 seconds
TPS: 6736, ETA: 30 seconds
TPS: 6736, ETA: 30 seconds
TPS: 6736, ETA: 30 seconds
TPS: 6736, ETA: 30 seconds
TPS: 6736, ETA: 30 seconds
TPS: 6736, ETA: 30 seconds
TPS: 6736, ETA: 30 seconds
TPS: 6736, ETA: 30 seconds
TPS: 6736, ETA: 30 seconds
TPS: 6736, ETA: 30 seconds
TPS: 6736, ETA: 29 seconds
TPS: 6736, ETA: 29 seconds
TPS: 6736, ETA: 29 seconds
TPS: 6736, ETA: 29 seconds
TPS: 6736, ETA: 29 seconds
TPS: 6720, ETA: 29 seconds
TPS: 6729, ETA: 29 seconds
TPS: 6734, ETA: 29 seconds
TPS: 6734, ETA: 29 seconds
TPS: 6734, ETA: 29 seconds
TPS: 6734, ETA: 29 seconds
TPS: 6734, ETA: 29 seconds
TPS: 6734, ETA: 29 seconds
TPS: 6734, ETA: 29 seconds
TPS: 6734, ETA: 28 seconds
TPS: 6734, ETA: 28 seconds
TPS: 6734, ETA: 28 seconds
TPS: 6734, ETA: 28 seconds
TPS: 6734, ETA: 28 seconds
TPS: 6734, ETA: 28 seconds
TPS: 6734, ETA: 28 seconds
TPS: 6734, ETA: 28 seconds
TPS: 6734, ETA: 28 seconds
TPS: 6734, ETA: 28 seconds
TPS: 6734, ETA: 28 seconds
TPS: 6734, ETA: 28 seconds
TPS: 6734, ETA: 28 seconds
TPS: 6734, ETA: 27 seconds
TPS: 6734, ETA: 27 seconds
TPS: 6734, ETA: 27 seconds
TPS: 6734, ETA: 27 seconds
TPS: 6734, ETA: 27 seconds
TPS: 6734, ETA: 27 seconds
TPS: 6734, ETA: 27 seconds
TPS: 6734, ETA: 27 seconds
TPS: 6734, ETA: 27 seconds
TPS: 6734, ETA: 27 seconds
TPS: 6734, ETA: 27 seconds
TPS: 6734, ETA: 27 seconds
TPS: 6734, ETA: 27 seconds
TPS: 6734, ETA: 27 seconds
TPS: 6734, ETA: 26 seconds
TPS: 6734, ETA: 26 seconds
TPS: 6734, ETA: 26 seconds
TPS: 6734, ETA: 26 seconds
TPS: 6734, ETA: 26 seconds
TPS: 6734, ETA: 26 seconds
TPS: 6734, ETA: 26 seconds
TPS: 6734, ETA: 26 seconds
TPS: 6734, ETA: 26 seconds
TPS: 6734, ETA: 26 seconds
TPS: 6734, ETA: 26 seconds
TPS: 6734, ETA: 26 seconds
TPS: 6734, ETA: 26 seconds
TPS: 6734, ETA: 25 seconds
TPS: 6734, ETA: 25 seconds
TPS: 6734, ETA: 25 seconds
TPS: 6733, ETA: 25 seconds
TPS: 6734, ETA: 25 seconds
TPS: 6734, ETA: 25 seconds
TPS: 6733, ETA: 25 seconds
TPS: 6733, ETA: 25 seconds
TPS: 6734, ETA: 25 seconds
TPS: 6733, ETA: 25 seconds
TPS: 6733, ETA: 25 seconds
TPS: 6733, ETA: 25 seconds
TPS: 6734, ETA: 25 seconds
TPS: 6733, ETA: 25 seconds
TPS: 6733, ETA: 24 seconds
TPS: 6733, ETA: 24 seconds
TPS: 6733, ETA: 24 seconds
TPS: 6733, ETA: 24 seconds
TPS: 6733, ETA: 24 seconds
TPS: 6733, ETA: 24 seconds
TPS: 6733, ETA: 24 seconds
TPS: 6733, ETA: 24 seconds
TPS: 6733, ETA: 24 seconds
TPS: 6733, ETA: 24 seconds
TPS: 6733, ETA: 24 seconds
TPS: 6733, ETA: 24 seconds
TPS: 6733, ETA: 24 seconds
TPS: 6733, ETA: 23 seconds
TPS: 6733, ETA: 23 seconds
TPS: 6733, ETA: 23 seconds
TPS: 6733, ETA: 23 seconds
TPS: 6733, ETA: 23 seconds
TPS: 6733, ETA: 23 seconds
TPS: 6733, ETA: 23 seconds
TPS: 6733, ETA: 23 seconds
TPS: 6733, ETA: 23 seconds
TPS: 6733, ETA: 23 seconds
TPS: 6733, ETA: 23 seconds
TPS: 6733, ETA: 23 seconds
TPS: 6733, ETA: 23 seconds
TPS: 6733, ETA: 23 seconds
TPS: 6733, ETA: 22 seconds
TPS: 6733, ETA: 22 seconds
TPS: 6733, ETA: 22 seconds
TPS: 6733, ETA: 22 seconds
TPS: 6733, ETA: 22 seconds
TPS: 6733, ETA: 22 seconds
TPS: 6733, ETA: 22 seconds
TPS: 6733, ETA: 22 seconds
TPS: 6733, ETA: 22 seconds
TPS: 6733, ETA: 22 seconds
TPS: 6720, ETA: 22 seconds
TPS: 6728, ETA: 22 seconds
TPS: 6732, ETA: 22 seconds
TPS: 6732, ETA: 21 seconds
TPS: 6732, ETA: 21 seconds
TPS: 6732, ETA: 21 seconds
TPS: 6732, ETA: 21 seconds
TPS: 6732, ETA: 21 seconds
TPS: 6733, ETA: 21 seconds
TPS: 6732, ETA: 21 seconds
TPS: 6732, ETA: 21 seconds
TPS: 6732, ETA: 21 seconds
TPS: 6733, ETA: 21 seconds
TPS: 6732, ETA: 21 seconds
TPS: 6732, ETA: 21 seconds
TPS: 6732, ETA: 21 seconds
TPS: 6732, ETA: 21 seconds
TPS: 6732, ETA: 20 seconds
TPS: 6732, ETA: 20 seconds
TPS: 6732, ETA: 20 seconds
TPS: 6732, ETA: 20 seconds
TPS: 6732, ETA: 20 seconds
TPS: 6732, ETA: 20 seconds
TPS: 6732, ETA: 20 seconds
TPS: 6732, ETA: 20 seconds
TPS: 6732, ETA: 20 seconds
TPS: 6732, ETA: 20 seconds
TPS: 6732, ETA: 20 seconds
TPS: 6732, ETA: 20 seconds
TPS: 6732, ETA: 20 seconds
TPS: 6732, ETA: 19 seconds
TPS: 6732, ETA: 19 seconds
TPS: 6732, ETA: 19 seconds
TPS: 6732, ETA: 19 seconds
TPS: 6732, ETA: 19 seconds
TPS: 6732, ETA: 19 seconds
TPS: 6732, ETA: 19 seconds
TPS: 6732, ETA: 19 seconds
TPS: 6732, ETA: 19 seconds
TPS: 6732, ETA: 19 seconds
TPS: 6732, ETA: 19 seconds
TPS: 6732, ETA: 19 seconds
TPS: 6732, ETA: 19 seconds
TPS: 6732, ETA: 19 seconds
TPS: 6732, ETA: 18 seconds
TPS: 6732, ETA: 18 seconds
TPS: 6732, ETA: 18 seconds
TPS: 6732, ETA: 18 seconds
TPS: 6732, ETA: 18 seconds
TPS: 6732, ETA: 18 seconds
TPS: 6732, ETA: 18 seconds
TPS: 6732, ETA: 18 seconds
TPS: 6732, ETA: 18 seconds
TPS: 6732, ETA: 18 seconds
TPS: 6732, ETA: 18 seconds
TPS: 6732, ETA: 18 seconds
TPS: 6732, ETA: 18 seconds
TPS: 6732, ETA: 17 seconds
TPS: 6732, ETA: 17 seconds
TPS: 6732, ETA: 17 seconds
TPS: 6732, ETA: 17 seconds
TPS: 6732, ETA: 17 seconds
TPS: 6732, ETA: 17 seconds
TPS: 6732, ETA: 17 seconds
TPS: 6732, ETA: 17 seconds
TPS: 6732, ETA: 17 seconds
TPS: 6732, ETA: 17 seconds
TPS: 6732, ETA: 17 seconds
TPS: 6732, ETA: 17 seconds
TPS: 6732, ETA: 17 seconds
TPS: 6732, ETA: 17 seconds
TPS: 6732, ETA: 16 seconds
TPS: 6732, ETA: 16 seconds
TPS: 6731, ETA: 16 seconds
TPS: 6732, ETA: 16 seconds
TPS: 6732, ETA: 16 seconds
TPS: 6732, ETA: 16 seconds
TPS: 6732, ETA: 16 seconds
TPS: 6732, ETA: 16 seconds
TPS: 6732, ETA: 16 seconds
TPS: 6732, ETA: 16 seconds
TPS: 6732, ETA: 16 seconds
TPS: 6732, ETA: 16 seconds
TPS: 6732, ETA: 16 seconds
TPS: 6732, ETA: 15 seconds
TPS: 6732, ETA: 15 seconds
TPS: 6732, ETA: 15 seconds
TPS: 6732, ETA: 15 seconds
TPS: 6732, ETA: 15 seconds
TPS: 6732, ETA: 15 seconds
TPS: 6732, ETA: 15 seconds
TPS: 6732, ETA: 15 seconds
TPS: 6732, ETA: 15 seconds
TPS: 6732, ETA: 15 seconds
TPS: 6732, ETA: 15 seconds
TPS: 6732, ETA: 15 seconds
TPS: 6732, ETA: 15 seconds
TPS: 6732, ETA: 15 seconds
TPS: 6732, ETA: 14 seconds
TPS: 6732, ETA: 14 seconds
TPS: 6721, ETA: 14 seconds
TPS: 6728, ETA: 14 seconds
TPS: 6732, ETA: 14 seconds
TPS: 6732, ETA: 14 seconds
TPS: 6732, ETA: 14 seconds
TPS: 6732, ETA: 14 seconds
TPS: 6732, ETA: 14 seconds
TPS: 6732, ETA: 14 seconds
TPS: 6730, ETA: 14 seconds
TPS: 6732, ETA: 14 seconds
TPS: 6732, ETA: 14 seconds
TPS: 6732, ETA: 13 seconds
TPS: 6732, ETA: 13 seconds
TPS: 6732, ETA: 13 seconds
TPS: 6732, ETA: 13 seconds
TPS: 6732, ETA: 13 seconds
TPS: 6732, ETA: 13 seconds
TPS: 6732, ETA: 13 seconds
TPS: 6732, ETA: 13 seconds
TPS: 6732, ETA: 13 seconds
TPS: 6732, ETA: 13 seconds
TPS: 6732, ETA: 13 seconds
TPS: 6732, ETA: 13 seconds
TPS: 6732, ETA: 13 seconds
TPS: 6732, ETA: 12 seconds
TPS: 6732, ETA: 12 seconds
TPS: 6732, ETA: 12 seconds
TPS: 6732, ETA: 12 seconds
TPS: 6732, ETA: 12 seconds
TPS: 6732, ETA: 12 seconds
TPS: 6732, ETA: 12 seconds
TPS: 6732, ETA: 12 seconds
TPS: 6732, ETA: 12 seconds
TPS: 6732, ETA: 12 seconds
TPS: 6732, ETA: 12 seconds
TPS: 6732, ETA: 12 seconds
TPS: 6732, ETA: 12 seconds
TPS: 6732, ETA: 12 seconds
TPS: 6732, ETA: 11 seconds
TPS: 6732, ETA: 11 seconds
TPS: 6732, ETA: 11 seconds
TPS: 6732, ETA: 11 seconds
TPS: 6732, ETA: 11 seconds
TPS: 6732, ETA: 11 seconds
TPS: 6732, ETA: 11 seconds
TPS: 6732, ETA: 11 seconds
TPS: 6732, ETA: 11 seconds
TPS: 6732, ETA: 11 seconds
TPS: 6732, ETA: 11 seconds
TPS: 6732, ETA: 11 seconds
TPS: 6732, ETA: 11 seconds
TPS: 6732, ETA: 10 seconds
TPS: 6732, ETA: 10 seconds
TPS: 6732, ETA: 10 seconds
TPS: 6732, ETA: 10 seconds
TPS: 6732, ETA: 10 seconds
TPS: 6732, ETA: 10 seconds
TPS: 6732, ETA: 10 seconds
TPS: 6732, ETA: 10 seconds
TPS: 6732, ETA: 10 seconds
TPS: 6732, ETA: 10 seconds
TPS: 6732, ETA: 10 seconds
TPS: 6732, ETA: 10 seconds
TPS: 6732, ETA: 10 seconds
TPS: 6732, ETA: 10 seconds
TPS: 6732, ETA: 9 seconds
TPS: 6732, ETA: 9 seconds
TPS: 6732, ETA: 9 seconds
TPS: 6732, ETA: 9 seconds
TPS: 6732, ETA: 9 seconds
TPS: 6732, ETA: 9 seconds
TPS: 6732, ETA: 9 seconds
TPS: 6732, ETA: 9 seconds
TPS: 6732, ETA: 9 seconds
TPS: 6732, ETA: 9 seconds
TPS: 6732, ETA: 9 seconds
TPS: 6732, ETA: 9 seconds
TPS: 6732, ETA: 9 seconds
TPS: 6732, ETA: 8 seconds
TPS: 6732, ETA: 8 seconds
TPS: 6732, ETA: 8 seconds
TPS: 6732, ETA: 8 seconds
TPS: 6732, ETA: 8 seconds
TPS: 6732, ETA: 8 seconds
TPS: 6732, ETA: 8 seconds
TPS: 6732, ETA: 8 seconds
TPS: 6732, ETA: 8 seconds
TPS: 6732, ETA: 8 seconds
TPS: 6732, ETA: 8 seconds
TPS: 6732, ETA: 8 seconds
TPS: 6732, ETA: 8 seconds
TPS: 6732, ETA: 8 seconds
TPS: 6732, ETA: 7 seconds
TPS: 6732, ETA: 7 seconds
TPS: 6732, ETA: 7 seconds
TPS: 6732, ETA: 7 seconds
TPS: 6732, ETA: 7 seconds
TPS: 6732, ETA: 7 seconds
TPS: 6732, ETA: 7 seconds
TPS: 6732, ETA: 7 seconds
TPS: 6722, ETA: 7 seconds
TPS: 6728, ETA: 7 seconds
TPS: 6731, ETA: 7 seconds
TPS: 6731, ETA: 7 seconds
TPS: 6731, ETA: 7 seconds
TPS: 6731, ETA: 6 seconds
TPS: 6731, ETA: 6 seconds
TPS: 6731, ETA: 6 seconds
TPS: 6731, ETA: 6 seconds
TPS: 6731, ETA: 6 seconds
TPS: 6731, ETA: 6 seconds
TPS: 6731, ETA: 6 seconds
TPS: 6731, ETA: 6 seconds
TPS: 6731, ETA: 6 seconds
TPS: 6731, ETA: 6 seconds
TPS: 6731, ETA: 6 seconds
TPS: 6731, ETA: 6 seconds
TPS: 6731, ETA: 6 seconds
TPS: 6731, ETA: 6 seconds
TPS: 6731, ETA: 5 seconds
TPS: 6731, ETA: 5 seconds
TPS: 6731, ETA: 5 seconds
TPS: 6731, ETA: 5 seconds
TPS: 6731, ETA: 5 seconds
TPS: 6731, ETA: 5 seconds
TPS: 6731, ETA: 5 seconds
TPS: 6731, ETA: 5 seconds
TPS: 6731, ETA: 5 seconds
TPS: 6731, ETA: 5 seconds
TPS: 6731, ETA: 5 seconds
TPS: 6731, ETA: 5 seconds
TPS: 6731, ETA: 5 seconds
TPS: 6731, ETA: 4 seconds
TPS: 6731, ETA: 4 seconds
TPS: 6731, ETA: 4 seconds
TPS: 6731, ETA: 4 seconds
TPS: 6731, ETA: 4 seconds
TPS: 6731, ETA: 4 seconds
TPS: 6731, ETA: 4 seconds
TPS: 6731, ETA: 4 seconds
TPS: 6731, ETA: 4 seconds
TPS: 6731, ETA: 4 seconds
TPS: 6731, ETA: 4 seconds
TPS: 6731, ETA: 4 seconds
TPS: 6731, ETA: 4 seconds
TPS: 6731, ETA: 4 seconds
TPS: 6731, ETA: 3 seconds
TPS: 6731, ETA: 3 seconds
TPS: 6731, ETA: 3 seconds
TPS: 6731, ETA: 3 seconds
TPS: 6731, ETA: 3 seconds
TPS: 6731, ETA: 3 seconds
TPS: 6731, ETA: 3 seconds
TPS: 6731, ETA: 3 seconds
TPS: 6731, ETA: 3 seconds
TPS: 6731, ETA: 3 seconds
TPS: 6731, ETA: 3 seconds
TPS: 6731, ETA: 3 seconds
TPS: 6731, ETA: 3 seconds
TPS: 6731, ETA: 2 seconds
TPS: 6731, ETA: 2 seconds
TPS: 6731, ETA: 2 seconds
TPS: 6731, ETA: 2 seconds
TPS: 6731, ETA: 2 seconds
TPS: 6731, ETA: 2 seconds
TPS: 6732, ETA: 2 seconds
TPS: 6731, ETA: 2 seconds
TPS: 6731, ETA: 2 seconds
TPS: 6732, ETA: 2 seconds
TPS: 6732, ETA: 2 seconds
TPS: 6731, ETA: 2 seconds
TPS: 6731, ETA: 2 seconds
TPS: 6732, ETA: 2 seconds
TPS: 6732, ETA: 1 second
TPS: 6731, ETA: 1 second
TPS: 6731, ETA: 1 second
TPS: 6732, ETA: 1 second
TPS: 6732, ETA: 1 second
TPS: 6731, ETA: 1 second
TPS: 6732, ETA: 1 second
TPS: 6732, ETA: 1 second
TPS: 6732, ETA: 1 second
TPS: 6731, ETA: 1 second
TPS: 6732, ETA: 1 second
TPS: 6732, ETA: 1 second
TPS: 6732, ETA: 1 second
TPS: 6732, ETA: empty period
TPS: 6732, ETA: empty period
TPS: 6732, ETA: empty period
TPS: 6732, ETA: empty period
TPS: 6732, ETA: empty period
TPS: 6732, ETA: empty period
TPS: 6732, ETA: empty period
TPS: 6732, ETA: empty period
TPS: 6732, ETA: empty period
TPS: 6731, ETA: empty period
TPS: 6732, ETA: empty period
TPS: 6732, ETA: empty period
TPS: 6732, ETA: empty period
TPS: 6732, ETA: empty period
finished tri1_U020uf15alpha1.5tauR2_19.5626_15.2634_29.9983